Using pre-set license
Built from '2021.3/staging' branch; Version is '2021.3.2f1 (d6360bedb9a0) revision 14038539'; Using compiler version '192829333'; Build Type 'Release'
OS: 'Windows 10  (10.0.19043) 64bit Professional' Language: 'en' Physical Memory: 16167 MB
BatchMode: 1, IsHumanControllingUs: 0, StartBugReporterOnCrash: 0, Is64bit: 1, IsPro: 1

COMMAND LINE ARGUMENTS:
C:\Program Files\Unity\Hub\Editor\2021.3.2f1\Editor\Unity.exe
-adb2
-batchMode
-noUpm
-name
AssetImportWorker0
-projectPath
C:/Users/rmwandire/Untitled Blue Gravity Studios Interview Game
-logFile
Logs/AssetImportWorker0.log
-srvPort
54977
Successfully changed project path to: C:/Users/rmwandire/Untitled Blue Gravity Studios Interview Game
C:/Users/rmwandire/Untitled Blue Gravity Studios Interview Game
[UnityMemory] Configuration Parameters - Can be set up in boot.config
    "memorysetup-bucket-allocator-granularity=16"
    "memorysetup-bucket-allocator-bucket-count=8"
    "memorysetup-bucket-allocator-block-size=33554432"
    "memorysetup-bucket-allocator-block-count=8"
    "memorysetup-main-allocator-block-size=16777216"
    "memorysetup-thread-allocator-block-size=16777216"
    "memorysetup-gfx-main-allocator-block-size=16777216"
    "memorysetup-gfx-thread-allocator-block-size=16777216"
    "memorysetup-cache-allocator-block-size=4194304"
    "memorysetup-typetree-allocator-block-size=2097152"
    "memorysetup-profiler-bucket-allocator-granularity=16"
    "memorysetup-profiler-bucket-allocator-bucket-count=8"
    "memorysetup-profiler-bucket-allocator-block-size=33554432"
    "memorysetup-profiler-bucket-allocator-block-count=8"
    "memorysetup-profiler-allocator-block-size=16777216"
    "memorysetup-profiler-editor-allocator-block-size=1048576"
    "memorysetup-temp-allocator-size-main=16777216"
    "memorysetup-job-temp-allocator-block-size=2097152"
    "memorysetup-job-temp-allocator-block-size-background=1048576"
    "memorysetup-job-temp-allocator-reduction-small-platforms=262144"
    "memorysetup-temp-allocator-size-background-worker=32768"
    "memorysetup-temp-allocator-size-job-worker=262144"
    "memorysetup-temp-allocator-size-preload-manager=33554432"
    "memorysetup-temp-allocator-size-nav-mesh-worker=65536"
    "memorysetup-temp-allocator-size-audio-worker=65536"
    "memorysetup-temp-allocator-size-cloud-worker=32768"
    "memorysetup-temp-allocator-size-gi-baking-worker=262144"
    "memorysetup-temp-allocator-size-gfx=262144"
Refreshing native plugins compatible for Editor in 89.62 ms, found 4 plugins.
Preloading 0 native plugins for Editor in 0.00 ms.
Initialize engine version: 2021.3.2f1 (d6360bedb9a0)
[Subsystems] Discovering subsystems at path C:/Program Files/Unity/Hub/Editor/2021.3.2f1/Editor/Data/Resources/UnitySubsystems
[Subsystems] Discovering subsystems at path C:/Users/rmwandire/Untitled Blue Gravity Studios Interview Game/Assets
GfxDevice: creating device client; threaded=0; jobified=0
Direct3D:
    Version:  Direct3D 11.0 [level 11.1]
    Renderer: Intel(R) Iris(R) Xe Graphics (ID=0x9a49)
    Vendor:   Intel
    VRAM:     8083 MB
    Driver:   30.0.101.1960
Initialize mono
Mono path[0] = 'C:/Program Files/Unity/Hub/Editor/2021.3.2f1/Editor/Data/Managed'
Mono path[1] = 'C:/Program Files/Unity/Hub/Editor/2021.3.2f1/Editor/Data/MonoBleedingEdge/lib/mono/unityjit-win32'
Mono config path = 'C:/Program Files/Unity/Hub/Editor/2021.3.2f1/Editor/Data/MonoBleedingEdge/etc'
Using monoOptions --debugger-agent=transport=dt_socket,embedding=1,server=y,suspend=n,address=127.0.0.1:56096
Begin MonoManager ReloadAssembly
Registering precompiled unity dll's ...
Register platform support module: C:/Program Files/Unity/Hub/Editor/2021.3.2f1/Editor/Data/PlaybackEngines/WindowsStandaloneSupport/UnityEditor.WindowsStandalone.Extensions.dll
Registered in 0.003639 seconds.
Native extension for WindowsStandalone target not found
Refreshing native plugins compatible for Editor in 82.76 ms, found 4 plugins.
Preloading 0 native plugins for Editor in 0.00 ms.
Mono: successfully reloaded assembly
- Completed reload, in  0.883 seconds
Domain Reload Profiling:
	ReloadAssembly (884ms)
		BeginReloadAssembly (119ms)
			ExecutionOrderSort (0ms)
			DisableScriptedObjects (0ms)
			BackupInstance (0ms)
			ReleaseScriptingObjects (0ms)
			CreateAndSetChildDomain (1ms)
		EndReloadAssembly (566ms)
			LoadAssemblies (117ms)
			RebuildTransferFunctionScriptingTraits (0ms)
			SetupTypeCache (272ms)
			ReleaseScriptCaches (0ms)
			RebuildScriptCaches (26ms)
			SetupLoadedEditorAssemblies (227ms)
				LogAssemblyErrors (0ms)
				InitializePlatformSupportModulesInManaged (6ms)
				SetLoadedEditorAssemblies (0ms)
				RefreshPlugins (83ms)
				BeforeProcessingInitializeOnLoad (1ms)
				ProcessInitializeOnLoadAttributes (96ms)
				ProcessInitializeOnLoadMethodAttributes (40ms)
				AfterProcessingInitializeOnLoad (0ms)
				EditorAssembliesLoaded (0ms)
			ExecutionOrderSort2 (0ms)
			AwakeInstancesAfterBackupRestoration (0ms)
Platform modules already initialized, skipping
Registering precompiled user dll's ...
Registered in 0.006243 seconds.
Begin MonoManager ReloadAssembly
Symbol file LoadedFromMemory doesn't match image C:\Users\rmwandire\Untitled Blue Gravity Studios Interview Game\Library\PackageCache\com.unity.visualscripting@1.7.6\Editor\VisualScripting.Core\Dependencies\YamlDotNet\Unity.VisualScripting.YamlDotNet.dll
Symbol file LoadedFromMemory doesn't match image C:\Users\rmwandire\Untitled Blue Gravity Studios Interview Game\Library\PackageCache\com.unity.visualscripting@1.7.6\Editor\VisualScripting.Core\Dependencies\DotNetZip\Unity.VisualScripting.IonicZip.dll
Native extension for WindowsStandalone target not found
Refreshing native plugins compatible for Editor in 82.42 ms, found 4 plugins.
Preloading 0 native plugins for Editor in 0.00 ms.
Mono: successfully reloaded assembly
- Completed reload, in  1.199 seconds
Domain Reload Profiling:
	ReloadAssembly (1200ms)
		BeginReloadAssembly (92ms)
			ExecutionOrderSort (0ms)
			DisableScriptedObjects (4ms)
			BackupInstance (0ms)
			ReleaseScriptingObjects (0ms)
			CreateAndSetChildDomain (18ms)
		EndReloadAssembly (1010ms)
			LoadAssemblies (70ms)
			RebuildTransferFunctionScriptingTraits (0ms)
			SetupTypeCache (379ms)
			ReleaseScriptCaches (1ms)
			RebuildScriptCaches (54ms)
			SetupLoadedEditorAssemblies (468ms)
				LogAssemblyErrors (0ms)
				InitializePlatformSupportModulesInManaged (4ms)
				SetLoadedEditorAssemblies (0ms)
				RefreshPlugins (82ms)
				BeforeProcessingInitializeOnLoad (85ms)
				ProcessInitializeOnLoadAttributes (253ms)
				ProcessInitializeOnLoadMethodAttributes (40ms)
				AfterProcessingInitializeOnLoad (4ms)
				EditorAssembliesLoaded (0ms)
			ExecutionOrderSort2 (0ms)
			AwakeInstancesAfterBackupRestoration (5ms)
Platform modules already initialized, skipping
========================================================================
Worker process is ready to serve import requests
Launched and connected shader compiler UnityShaderCompiler.exe after 0.05 seconds
Refreshing native plugins compatible for Editor in 0.80 ms, found 4 plugins.
Preloading 0 native plugins for Editor in 0.00 ms.
Unloading 4095 Unused Serialized files (Serialized files now loaded: 0)
Unloading 43 unused Assets / (225.4 KB). Loaded Objects now: 4547.
Memory consumption went from 152.6 MB to 152.4 MB.
Total: 3.133300 ms (FindLiveObjects: 0.373300 ms CreateObjectMapping: 0.156000 ms MarkObjects: 2.443700 ms  DeleteObjects: 0.159100 ms)

AssetImportParameters requested are different than current active one (requested -> active):
  custom:video-decoder-ogg-theora: a1e56fd34408186e4bbccfd4996cb3dc -> 
  custom:container-muxer-webm: aa71ff27fc2769a1b78a27578f13a17b -> 
  custom:container-demuxer-webm: 4f35f7cbe854078d1ac9338744f61a02 -> 
  custom:video-encoder-webm-vp8: eb34c28f22e8b96e1ab97ce403110664 -> 
  custom:audio-encoder-webm-vorbis: bf7c407c2cedff20999df2af8eb42d56 -> 
  custom:framework-win-MediaFoundation: 216162199b28c13a410421893ffa2e32 -> 
  custom:container-demuxer-ogg: 62fdf1f143b41e24485cea50d1cbac27 -> 
  custom:video-decoder-webm-vp8: 9c59270c3fd7afecdb556c50c9e8de78 -> 
  custom:audio-decoder-ogg-vorbis: bf7c407c2cedff20999df2af8eb42d56 -> 
========================================================================
Received Import Request.
  Time since last request: 130743.063572 seconds.
  path: Assets/Asset Packs/2d characters family
  artifactKey: Guid(021bc61b27e3ad4418457cb2282527c0) Importer(815301076,1909f56bfc062723c751e8b465ee728b)
Start importing Assets/Asset Packs/2d characters family using Guid(021bc61b27e3ad4418457cb2282527c0) Importer(815301076,1909f56bfc062723c751e8b465ee728b)  -> (artifact id: '07b2765b307770e80c8df621f6f06e35') in 0.011567 seconds 
========================================================================
Received Import Request.
  Time since last request: 15.547360 seconds.
  path: Assets/Asset Packs/Fantasy Wooden GUI  Free/normal_ui_set A/UI board Large Set.png
  artifactKey: Guid(90a2dde0942123c4ebb9c4af580c5818) Importer(815301076,1909f56bfc062723c751e8b465ee728b)
Start importing Assets/Asset Packs/Fantasy Wooden GUI  Free/normal_ui_set A/UI board Large Set.png using Guid(90a2dde0942123c4ebb9c4af580c5818) Importer(815301076,1909f56bfc062723c751e8b465ee728b)  -> (artifact id: 'a71626c97ecc89357c2d009abbab2969') in 0.697910 seconds 
========================================================================
Received Import Request.
  Time since last request: 0.000042 seconds.
  path: Assets/Asset Packs/Fantasy Wooden GUI  Free/normal_ui_set A/UI board Medium Set.png
  artifactKey: Guid(1a5d8785d80a4ee42a2a4c8632436dc0) Importer(815301076,1909f56bfc062723c751e8b465ee728b)
Start importing Assets/Asset Packs/Fantasy Wooden GUI  Free/normal_ui_set A/UI board Medium Set.png using Guid(1a5d8785d80a4ee42a2a4c8632436dc0) Importer(815301076,1909f56bfc062723c751e8b465ee728b)  -> (artifact id: 'a7529cf01c500a67ed4c020f3187cc99') in 0.763884 seconds 
========================================================================
Received Prepare
Registering precompiled user dll's ...
Registered in 0.004189 seconds.
Begin MonoManager ReloadAssembly
Symbol file LoadedFromMemory doesn't match image C:\Users\rmwandire\Untitled Blue Gravity Studios Interview Game\Library\PackageCache\com.unity.visualscripting@1.7.6\Editor\VisualScripting.Core\Dependencies\YamlDotNet\Unity.VisualScripting.YamlDotNet.dll
Symbol file LoadedFromMemory doesn't match image C:\Users\rmwandire\Untitled Blue Gravity Studios Interview Game\Library\PackageCache\com.unity.visualscripting@1.7.6\Editor\VisualScripting.Core\Dependencies\DotNetZip\Unity.VisualScripting.IonicZip.dll
Native extension for WindowsStandalone target not found
Refreshing native plugins compatible for Editor in 3.61 ms, found 4 plugins.
Preloading 0 native plugins for Editor in 0.00 ms.
Mono: successfully reloaded assembly
- Completed reload, in  0.950 seconds
Domain Reload Profiling:
	ReloadAssembly (951ms)
		BeginReloadAssembly (130ms)
			ExecutionOrderSort (0ms)
			DisableScriptedObjects (6ms)
			BackupInstance (0ms)
			ReleaseScriptingObjects (0ms)
			CreateAndSetChildDomain (36ms)
		EndReloadAssembly (732ms)
			LoadAssemblies (92ms)
			RebuildTransferFunctionScriptingTraits (0ms)
			SetupTypeCache (226ms)
			ReleaseScriptCaches (1ms)
			RebuildScriptCaches (46ms)
			SetupLoadedEditorAssemblies (316ms)
				LogAssemblyErrors (0ms)
				InitializePlatformSupportModulesInManaged (17ms)
				SetLoadedEditorAssemblies (1ms)
				RefreshPlugins (4ms)
				BeforeProcessingInitializeOnLoad (80ms)
				ProcessInitializeOnLoadAttributes (176ms)
				ProcessInitializeOnLoadMethodAttributes (33ms)
				AfterProcessingInitializeOnLoad (4ms)
				EditorAssembliesLoaded (0ms)
			ExecutionOrderSort2 (0ms)
			AwakeInstancesAfterBackupRestoration (8ms)
Platform modules already initialized, skipping
Refreshing native plugins compatible for Editor in 1.98 ms, found 4 plugins.
Preloading 0 native plugins for Editor in 0.00 ms.
Unloading 4087 Unused Serialized files (Serialized files now loaded: 0)
Unloading 30 unused Assets / (192.3 KB). Loaded Objects now: 4559.
Memory consumption went from 156.7 MB to 156.5 MB.
Total: 3.674600 ms (FindLiveObjects: 0.554100 ms CreateObjectMapping: 0.423200 ms MarkObjects: 2.553300 ms  DeleteObjects: 0.142000 ms)

AssetImportParameters requested are different than current active one (requested -> active):
  custom:video-decoder-ogg-theora: a1e56fd34408186e4bbccfd4996cb3dc -> 
  custom:container-muxer-webm: aa71ff27fc2769a1b78a27578f13a17b -> 
  custom:container-demuxer-webm: 4f35f7cbe854078d1ac9338744f61a02 -> 
  custom:video-encoder-webm-vp8: eb34c28f22e8b96e1ab97ce403110664 -> 
  custom:audio-encoder-webm-vorbis: bf7c407c2cedff20999df2af8eb42d56 -> 
  custom:framework-win-MediaFoundation: 216162199b28c13a410421893ffa2e32 -> 
  custom:container-demuxer-ogg: 62fdf1f143b41e24485cea50d1cbac27 -> 
  custom:video-decoder-webm-vp8: 9c59270c3fd7afecdb556c50c9e8de78 -> 
  custom:audio-decoder-ogg-vorbis: bf7c407c2cedff20999df2af8eb42d56 -> 
========================================================================
Received Prepare
Registering precompiled user dll's ...
Registered in 0.006584 seconds.
Begin MonoManager ReloadAssembly
Symbol file LoadedFromMemory doesn't match image C:\Users\rmwandire\Untitled Blue Gravity Studios Interview Game\Library\PackageCache\com.unity.visualscripting@1.7.6\Editor\VisualScripting.Core\Dependencies\YamlDotNet\Unity.VisualScripting.YamlDotNet.dll
Symbol file LoadedFromMemory doesn't match image C:\Users\rmwandire\Untitled Blue Gravity Studios Interview Game\Library\PackageCache\com.unity.visualscripting@1.7.6\Editor\VisualScripting.Core\Dependencies\DotNetZip\Unity.VisualScripting.IonicZip.dll
Native extension for WindowsStandalone target not found
Refreshing native plugins compatible for Editor in 0.85 ms, found 4 plugins.
Preloading 0 native plugins for Editor in 0.00 ms.
Mono: successfully reloaded assembly
- Completed reload, in  0.874 seconds
Domain Reload Profiling:
	ReloadAssembly (875ms)
		BeginReloadAssembly (131ms)
			ExecutionOrderSort (0ms)
			DisableScriptedObjects (6ms)
			BackupInstance (0ms)
			ReleaseScriptingObjects (0ms)
			CreateAndSetChildDomain (46ms)
		EndReloadAssembly (660ms)
			LoadAssemblies (71ms)
			RebuildTransferFunctionScriptingTraits (0ms)
			SetupTypeCache (194ms)
			ReleaseScriptCaches (2ms)
			RebuildScriptCaches (48ms)
			SetupLoadedEditorAssemblies (298ms)
				LogAssemblyErrors (0ms)
				InitializePlatformSupportModulesInManaged (12ms)
				SetLoadedEditorAssemblies (0ms)
				RefreshPlugins (1ms)
				BeforeProcessingInitializeOnLoad (62ms)
				ProcessInitializeOnLoadAttributes (182ms)
				ProcessInitializeOnLoadMethodAttributes (34ms)
				AfterProcessingInitializeOnLoad (7ms)
				EditorAssembliesLoaded (0ms)
			ExecutionOrderSort2 (0ms)
			AwakeInstancesAfterBackupRestoration (11ms)
Platform modules already initialized, skipping
Refreshing native plugins compatible for Editor in 2.73 ms, found 4 plugins.
Preloading 0 native plugins for Editor in 0.00 ms.
Unloading 4087 Unused Serialized files (Serialized files now loaded: 0)
Unloading 30 unused Assets / (192.4 KB). Loaded Objects now: 4562.
Memory consumption went from 156.7 MB to 156.5 MB.
Total: 3.857300 ms (FindLiveObjects: 0.457500 ms CreateObjectMapping: 0.198100 ms MarkObjects: 2.988000 ms  DeleteObjects: 0.212100 ms)

AssetImportParameters requested are different than current active one (requested -> active):
  custom:video-decoder-ogg-theora: a1e56fd34408186e4bbccfd4996cb3dc -> 
  custom:container-muxer-webm: aa71ff27fc2769a1b78a27578f13a17b -> 
  custom:container-demuxer-webm: 4f35f7cbe854078d1ac9338744f61a02 -> 
  custom:video-encoder-webm-vp8: eb34c28f22e8b96e1ab97ce403110664 -> 
  custom:audio-encoder-webm-vorbis: bf7c407c2cedff20999df2af8eb42d56 -> 
  custom:framework-win-MediaFoundation: 216162199b28c13a410421893ffa2e32 -> 
  custom:container-demuxer-ogg: 62fdf1f143b41e24485cea50d1cbac27 -> 
  custom:video-decoder-webm-vp8: 9c59270c3fd7afecdb556c50c9e8de78 -> 
  custom:audio-decoder-ogg-vorbis: bf7c407c2cedff20999df2af8eb42d56 -> 
========================================================================
Received Import Request.
  Time since last request: 2516.324442 seconds.
  path: Assets/Prefabs/ShopSlot.prefab
  artifactKey: Guid(e584e85392bf4ac4aa7df700b787cd2d) Importer(815301076,1909f56bfc062723c751e8b465ee728b)
Start importing Assets/Prefabs/ShopSlot.prefab using Guid(e584e85392bf4ac4aa7df700b787cd2d) Importer(815301076,1909f56bfc062723c751e8b465ee728b)  -> (artifact id: '9f21c29634475965c9824bd5ae8c1685') in 0.042413 seconds 
========================================================================
Received Import Request.
  Time since last request: 1074.276289 seconds.
  path: Assets/Animations/Player/walk_down.anim
  artifactKey: Guid(2c9f52301c9a81948a1a0c810ab59352) Importer(815301076,1909f56bfc062723c751e8b465ee728b)
Start importing Assets/Animations/Player/walk_down.anim using Guid(2c9f52301c9a81948a1a0c810ab59352) Importer(815301076,1909f56bfc062723c751e8b465ee728b)  -> (artifact id: '965c413800b50613186ef6cba21a5c3f') in 0.127470 seconds 
========================================================================
Received Import Request.
  Time since last request: 1.805943 seconds.
  path: Assets/Animations/Player/walk_right.anim
  artifactKey: Guid(9fad5e6ede9e28c40a60aed1323a2071) Importer(815301076,1909f56bfc062723c751e8b465ee728b)
Start importing Assets/Animations/Player/walk_right.anim using Guid(9fad5e6ede9e28c40a60aed1323a2071) Importer(815301076,1909f56bfc062723c751e8b465ee728b)  -> (artifact id: '218a8823276864c9a6de8c397fc6caa2') in 0.012136 seconds 
========================================================================
Received Import Request.
  Time since last request: 541.553078 seconds.
  path: Assets/Textures/Sprites/tiffany_spritesheet 1.PNG
  artifactKey: Guid(7fa35483ee7bbbc4bac81d311b27f969) Importer(815301076,1909f56bfc062723c751e8b465ee728b)
Start importing Assets/Textures/Sprites/tiffany_spritesheet 1.PNG using Guid(7fa35483ee7bbbc4bac81d311b27f969) Importer(815301076,1909f56bfc062723c751e8b465ee728b)  -> (artifact id: 'c96770a283c2266cccfe3b9b347eef2f') in 0.236849 seconds 
========================================================================
Received Import Request.
  Time since last request: 767.555006 seconds.
  path: Assets/Textures/Sprites/tiffany_spritesheet_red.PNG
  artifactKey: Guid(fee0329ed39f23c408fbcb45a0469031) Importer(815301076,1909f56bfc062723c751e8b465ee728b)
Start importing Assets/Textures/Sprites/tiffany_spritesheet_red.PNG using Guid(fee0329ed39f23c408fbcb45a0469031) Importer(815301076,1909f56bfc062723c751e8b465ee728b)  -> (artifact id: 'e8af3f8961449c7fb9a3e7cc58eef364') in 0.227404 seconds 
========================================================================
Received Import Request.
  Time since last request: 50.805401 seconds.
  path: Assets/Textures/Sprites/tiffany_spritesheet_red.PNG
  artifactKey: Guid(fee0329ed39f23c408fbcb45a0469031) Importer(815301076,1909f56bfc062723c751e8b465ee728b)
Start importing Assets/Textures/Sprites/tiffany_spritesheet_red.PNG using Guid(fee0329ed39f23c408fbcb45a0469031) Importer(815301076,1909f56bfc062723c751e8b465ee728b)  -> (artifact id: 'cba3d81510edc68f2622addfbe127497') in 0.033399 seconds 
========================================================================
Received Import Request.
  Time since last request: 16.857716 seconds.
  path: Assets/Textures/Sprites/tiffany_spritesheet_red.PNG
  artifactKey: Guid(fee0329ed39f23c408fbcb45a0469031) Importer(815301076,1909f56bfc062723c751e8b465ee728b)
Start importing Assets/Textures/Sprites/tiffany_spritesheet_red.PNG using Guid(fee0329ed39f23c408fbcb45a0469031) Importer(815301076,1909f56bfc062723c751e8b465ee728b)  -> (artifact id: 'c54cf61c371685906aefdf8f0e0b2e67') in 0.021467 seconds 
========================================================================
Received Import Request.
  Time since last request: 19.722617 seconds.
  path: Assets/Textures/Sprites/tiffany_spritesheet_red.PNG
  artifactKey: Guid(fee0329ed39f23c408fbcb45a0469031) Importer(815301076,1909f56bfc062723c751e8b465ee728b)
Start importing Assets/Textures/Sprites/tiffany_spritesheet_red.PNG using Guid(fee0329ed39f23c408fbcb45a0469031) Importer(815301076,1909f56bfc062723c751e8b465ee728b)  -> (artifact id: 'c8c061d570bc93f256d9c5c78cf60d05') in 0.018554 seconds 
========================================================================
Received Import Request.
  Time since last request: 447.450106 seconds.
  path: Assets/Textures/Sprites/tiffany_spritesheet_red.PNG
  artifactKey: Guid(fee0329ed39f23c408fbcb45a0469031) Importer(815301076,1909f56bfc062723c751e8b465ee728b)
Start importing Assets/Textures/Sprites/tiffany_spritesheet_red.PNG using Guid(fee0329ed39f23c408fbcb45a0469031) Importer(815301076,1909f56bfc062723c751e8b465ee728b)  -> (artifact id: '01fb2f80ee50a2f5df44e95287269853') in 3.219876 seconds 
========================================================================
Received Import Request.
  Time since last request: 78.287707 seconds.
  path: Assets/Textures/Sprites/tiffany_spritesheet_red.PNG
  artifactKey: Guid(fee0329ed39f23c408fbcb45a0469031) Importer(815301076,1909f56bfc062723c751e8b465ee728b)
Start importing Assets/Textures/Sprites/tiffany_spritesheet_red.PNG using Guid(fee0329ed39f23c408fbcb45a0469031) Importer(815301076,1909f56bfc062723c751e8b465ee728b)  -> (artifact id: 'ad1f270f637d4a069f259e2e9c8e0da2') in 2.081032 seconds 
========================================================================
Received Import Request.
  Time since last request: 32.068364 seconds.
  path: Assets/Textures/Sprites/tiffany_spritesheet_red.PNG
  artifactKey: Guid(fee0329ed39f23c408fbcb45a0469031) Importer(815301076,1909f56bfc062723c751e8b465ee728b)
Start importing Assets/Textures/Sprites/tiffany_spritesheet_red.PNG using Guid(fee0329ed39f23c408fbcb45a0469031) Importer(815301076,1909f56bfc062723c751e8b465ee728b)  -> (artifact id: '905d8269bfef6c2bace1b64a76009b83') in 2.268009 seconds 
========================================================================
Received Import Request.
  Time since last request: 60.896825 seconds.
  path: Assets/Textures/Sprites/tiffany_spritesheet_red.PNG
  artifactKey: Guid(fee0329ed39f23c408fbcb45a0469031) Importer(815301076,1909f56bfc062723c751e8b465ee728b)
Start importing Assets/Textures/Sprites/tiffany_spritesheet_red.PNG using Guid(fee0329ed39f23c408fbcb45a0469031) Importer(815301076,1909f56bfc062723c751e8b465ee728b)  -> (artifact id: 'ce49489536cbcd81ba639b7945c9cdc6') in 0.124778 seconds 
========================================================================
Received Import Request.
  Time since last request: 37.494809 seconds.
  path: Assets/Asset Packs/2d characters family/Animation/Outfits
  artifactKey: Guid(01d1821d6ed62bb4992578719b722932) Importer(815301076,1909f56bfc062723c751e8b465ee728b)
Start importing Assets/Asset Packs/2d characters family/Animation/Outfits using Guid(01d1821d6ed62bb4992578719b722932) Importer(815301076,1909f56bfc062723c751e8b465ee728b)  -> (artifact id: '616dd9c2dd28a2c39523289278900f3f') in 0.007732 seconds 
========================================================================
Received Import Request.
  Time since last request: 1.285334 seconds.
  path: Assets/Asset Packs/2d characters family/Animation/New Animation.anim
  artifactKey: Guid(d5fd249687794fd4790dd0275366b843) Importer(815301076,1909f56bfc062723c751e8b465ee728b)
Start importing Assets/Asset Packs/2d characters family/Animation/New Animation.anim using Guid(d5fd249687794fd4790dd0275366b843) Importer(815301076,1909f56bfc062723c751e8b465ee728b)  -> (artifact id: '4d4ac8448293c77e45372318ade4c7f0') in 0.007656 seconds 
========================================================================
Received Import Request.
  Time since last request: 3.630135 seconds.
  path: Assets/Asset Packs/2d characters family/Animation/New Animation3.anim
  artifactKey: Guid(ec0c0f8908e29ab42ae07e6c5e2e452a) Importer(815301076,1909f56bfc062723c751e8b465ee728b)
Start importing Assets/Asset Packs/2d characters family/Animation/New Animation3.anim using Guid(ec0c0f8908e29ab42ae07e6c5e2e452a) Importer(815301076,1909f56bfc062723c751e8b465ee728b)  -> (artifact id: '67f4ce4bcbed9daefc54ef8fa522882c') in 0.016213 seconds 
========================================================================
Received Import Request.
  Time since last request: 1.249066 seconds.
  path: Assets/Asset Packs/2d characters family/Animation/New Animation2.anim
  artifactKey: Guid(4d7ac37fe38233c418c5de509fdfac83) Importer(815301076,1909f56bfc062723c751e8b465ee728b)
Start importing Assets/Asset Packs/2d characters family/Animation/New Animation2.anim using Guid(4d7ac37fe38233c418c5de509fdfac83) Importer(815301076,1909f56bfc062723c751e8b465ee728b)  -> (artifact id: '308035bc89883e125b6f88313643b603') in 0.006788 seconds 
========================================================================
Received Import Request.
  Time since last request: 19.729828 seconds.
  path: Assets/Animations/Player/Outfits
  artifactKey: Guid(46744664ce91e0c4c834fa118a60faed) Importer(815301076,1909f56bfc062723c751e8b465ee728b)
Start importing Assets/Animations/Player/Outfits using Guid(46744664ce91e0c4c834fa118a60faed) Importer(815301076,1909f56bfc062723c751e8b465ee728b)  -> (artifact id: 'a5622301b91ea735b25c46f1ec7091bd') in 0.004384 seconds 
========================================================================
Received Import Request.
  Time since last request: 15.796214 seconds.
  path: Assets/Animations/Player/Outfits/Default
  artifactKey: Guid(dc412187f3d829f49ab1b4199c7ab34c) Importer(815301076,1909f56bfc062723c751e8b465ee728b)
Start importing Assets/Animations/Player/Outfits/Default using Guid(dc412187f3d829f49ab1b4199c7ab34c) Importer(815301076,1909f56bfc062723c751e8b465ee728b)  -> (artifact id: '8943e6db4c55bffa5e83e23d028ec5a4') in 0.007201 seconds 
========================================================================
Received Import Request.
  Time since last request: 12.349711 seconds.
  path: Assets/Animations/Player/Outfits/Red
  artifactKey: Guid(6792da11701e57243958b51d10e5f27c) Importer(815301076,1909f56bfc062723c751e8b465ee728b)
Start importing Assets/Animations/Player/Outfits/Red using Guid(6792da11701e57243958b51d10e5f27c) Importer(815301076,1909f56bfc062723c751e8b465ee728b)  -> (artifact id: '0f23ad9d2efa76f313c337ba14f89759') in 0.007142 seconds 
========================================================================
Received Import Request.
  Time since last request: 3.188356 seconds.
  path: Assets/Animations/Player/Outfits/Default/front_idle 1.anim
  artifactKey: Guid(300937d87e614a843917f2ea72151ebf) Importer(815301076,1909f56bfc062723c751e8b465ee728b)
Start importing Assets/Animations/Player/Outfits/Default/front_idle 1.anim using Guid(300937d87e614a843917f2ea72151ebf) Importer(815301076,1909f56bfc062723c751e8b465ee728b)  -> (artifact id: 'f7717987881787a50dcdc23697c4a144') in 0.006984 seconds 
========================================================================
Received Import Request.
  Time since last request: 11.737930 seconds.
  path: Assets/Animations/Player/Outfits/Red/front_idle Red.anim
  artifactKey: Guid(300937d87e614a843917f2ea72151ebf) Importer(815301076,1909f56bfc062723c751e8b465ee728b)
Start importing Assets/Animations/Player/Outfits/Red/front_idle Red.anim using Guid(300937d87e614a843917f2ea72151ebf) Importer(815301076,1909f56bfc062723c751e8b465ee728b)  -> (artifact id: '6891927527ea1e9b67f655d19c81d31e') in 0.007353 seconds 
========================================================================
Received Import Request.
  Time since last request: 0.947315 seconds.
  path: Assets/Animations/Player/Outfits/Red/walk_down 1.anim
  artifactKey: Guid(89db4ef9b0816ac429250d3051b88711) Importer(815301076,1909f56bfc062723c751e8b465ee728b)
Start importing Assets/Animations/Player/Outfits/Red/walk_down 1.anim using Guid(89db4ef9b0816ac429250d3051b88711) Importer(815301076,1909f56bfc062723c751e8b465ee728b)  -> (artifact id: 'bc0a962169b704d9e77b1fb8e1d2f436') in 0.008525 seconds 
========================================================================
Received Import Request.
  Time since last request: 6.187301 seconds.
  path: Assets/Animations/Player/Outfits/Red/walk_down Red.anim
  artifactKey: Guid(89db4ef9b0816ac429250d3051b88711) Importer(815301076,1909f56bfc062723c751e8b465ee728b)
Start importing Assets/Animations/Player/Outfits/Red/walk_down Red.anim using Guid(89db4ef9b0816ac429250d3051b88711) Importer(815301076,1909f56bfc062723c751e8b465ee728b)  -> (artifact id: '6fbd88d027fc132321cbd7748d00223f') in 0.007384 seconds 
========================================================================
Received Import Request.
  Time since last request: 0.647771 seconds.
  path: Assets/Animations/Player/Outfits/Red/walk_left 1.anim
  artifactKey: Guid(089743be3a383d745b39ffde252fed03) Importer(815301076,1909f56bfc062723c751e8b465ee728b)
Start importing Assets/Animations/Player/Outfits/Red/walk_left 1.anim using Guid(089743be3a383d745b39ffde252fed03) Importer(815301076,1909f56bfc062723c751e8b465ee728b)  -> (artifact id: '615b8a647e3164a7de505f82f9dc8d71') in 0.007648 seconds 
========================================================================
Received Import Request.
  Time since last request: 3.007480 seconds.
  path: Assets/Animations/Player/Outfits/Red/walk_left Red.anim
  artifactKey: Guid(089743be3a383d745b39ffde252fed03) Importer(815301076,1909f56bfc062723c751e8b465ee728b)
Start importing Assets/Animations/Player/Outfits/Red/walk_left Red.anim using Guid(089743be3a383d745b39ffde252fed03) Importer(815301076,1909f56bfc062723c751e8b465ee728b)  -> (artifact id: '5d9e2f4d295aaecf539eaaf3a4014873') in 0.008046 seconds 
========================================================================
Received Import Request.
  Time since last request: 0.594738 seconds.
  path: Assets/Animations/Player/Outfits/Red/walk_up 1.anim
  artifactKey: Guid(2f4bfd61e80f4fd48a7373aecaa790dc) Importer(815301076,1909f56bfc062723c751e8b465ee728b)
Start importing Assets/Animations/Player/Outfits/Red/walk_up 1.anim using Guid(2f4bfd61e80f4fd48a7373aecaa790dc) Importer(815301076,1909f56bfc062723c751e8b465ee728b)  -> (artifact id: '68e7afe73ec30f66397832383df56391') in 0.007589 seconds 
========================================================================
Received Import Request.
  Time since last request: 3.117285 seconds.
  path: Assets/Animations/Player/Outfits/Red/walk_up Red.anim
  artifactKey: Guid(2f4bfd61e80f4fd48a7373aecaa790dc) Importer(815301076,1909f56bfc062723c751e8b465ee728b)
Start importing Assets/Animations/Player/Outfits/Red/walk_up Red.anim using Guid(2f4bfd61e80f4fd48a7373aecaa790dc) Importer(815301076,1909f56bfc062723c751e8b465ee728b)  -> (artifact id: '41ea8da0170a67c0c76bee2262620a7c') in 0.007193 seconds 
========================================================================
Received Import Request.
  Time since last request: 0.023706 seconds.
  path: Assets/Animations/Player/Outfits/Red/walk_right 1.anim
  artifactKey: Guid(fae2682aed031fe499a88e66fd976bc2) Importer(815301076,1909f56bfc062723c751e8b465ee728b)
Start importing Assets/Animations/Player/Outfits/Red/walk_right 1.anim using Guid(fae2682aed031fe499a88e66fd976bc2) Importer(815301076,1909f56bfc062723c751e8b465ee728b)  -> (artifact id: 'd97d847f63d793db38168a5f75dc7e7f') in 0.008399 seconds 
========================================================================
Received Import Request.
  Time since last request: 4.393689 seconds.
  path: Assets/Animations/Player/Outfits/Red/walk_right Red.anim
  artifactKey: Guid(fae2682aed031fe499a88e66fd976bc2) Importer(815301076,1909f56bfc062723c751e8b465ee728b)
Start importing Assets/Animations/Player/Outfits/Red/walk_right Red.anim using Guid(fae2682aed031fe499a88e66fd976bc2) Importer(815301076,1909f56bfc062723c751e8b465ee728b)  -> (artifact id: 'f2474411ea0fa5f9eb7ced841e24a973') in 0.007618 seconds 
========================================================================
Received Import Request.
  Time since last request: 544.676249 seconds.
  path: Assets/Animations/Player/Outfits/Default/walk_down.anim
  artifactKey: Guid(2c9f52301c9a81948a1a0c810ab59352) Importer(815301076,1909f56bfc062723c751e8b465ee728b)
Start importing Assets/Animations/Player/Outfits/Default/walk_down.anim using Guid(2c9f52301c9a81948a1a0c810ab59352) Importer(815301076,1909f56bfc062723c751e8b465ee728b)  -> (artifact id: '1a044b753b7f3dad97e18c651f443266') in 0.004242 seconds 
========================================================================
Received Import Request.
  Time since last request: 25.770998 seconds.
  path: Assets/Animations/Player/Tiffany.controller
  artifactKey: Guid(6c9778c5b37bacc4ea5033c193148eea) Importer(815301076,1909f56bfc062723c751e8b465ee728b)
Start importing Assets/Animations/Player/Tiffany.controller using Guid(6c9778c5b37bacc4ea5033c193148eea) Importer(815301076,1909f56bfc062723c751e8b465ee728b)  -> (artifact id: 'd051f4e06f1d2fcd776e6ebf07d5e780') in 0.021234 seconds 
========================================================================
Received Import Request.
  Time since last request: 9.901737 seconds.
  path: Assets/Animations/Player/Outfits/Default/Tiffany 1.controller
  artifactKey: Guid(b29b96d41b5414f47b3110ad9bd66d4a) Importer(815301076,1909f56bfc062723c751e8b465ee728b)
Start importing Assets/Animations/Player/Outfits/Default/Tiffany 1.controller using Guid(b29b96d41b5414f47b3110ad9bd66d4a) Importer(815301076,1909f56bfc062723c751e8b465ee728b)  -> (artifact id: 'a7c9ab84c2d3558da8b84fd989cbe84a') in 0.008030 seconds 
========================================================================
Received Import Request.
  Time since last request: 6.555267 seconds.
  path: Assets/Animations/Player/Outfits/Default/Tiffany Red.controller
  artifactKey: Guid(b29b96d41b5414f47b3110ad9bd66d4a) Importer(815301076,1909f56bfc062723c751e8b465ee728b)
Start importing Assets/Animations/Player/Outfits/Default/Tiffany Red.controller using Guid(b29b96d41b5414f47b3110ad9bd66d4a) Importer(815301076,1909f56bfc062723c751e8b465ee728b)  -> (artifact id: 'f82551c5ededf993a2ca5c580781c5c2') in 0.009306 seconds 
========================================================================
Received Import Request.
  Time since last request: 399.359003 seconds.
  path: Assets/Textures/Sprites/tiffany_spritesheet_red.PNG
  artifactKey: Guid(fee0329ed39f23c408fbcb45a0469031) Importer(815301076,1909f56bfc062723c751e8b465ee728b)
Start importing Assets/Textures/Sprites/tiffany_spritesheet_red.PNG using Guid(fee0329ed39f23c408fbcb45a0469031) Importer(815301076,1909f56bfc062723c751e8b465ee728b)  -> (artifact id: '3b970fc26df726fd4964c60a593c0589') in 0.155371 seconds 
========================================================================
Received Prepare
Registering precompiled user dll's ...
Registered in 0.004648 seconds.
Begin MonoManager ReloadAssembly
Symbol file LoadedFromMemory doesn't match image C:\Users\rmwandire\Untitled Blue Gravity Studios Interview Game\Library\PackageCache\com.unity.visualscripting@1.7.6\Editor\VisualScripting.Core\Dependencies\YamlDotNet\Unity.VisualScripting.YamlDotNet.dll
Symbol file LoadedFromMemory doesn't match image C:\Users\rmwandire\Untitled Blue Gravity Studios Interview Game\Library\PackageCache\com.unity.visualscripting@1.7.6\Editor\VisualScripting.Core\Dependencies\DotNetZip\Unity.VisualScripting.IonicZip.dll
Native extension for WindowsStandalone target not found
Refreshing native plugins compatible for Editor in 1.32 ms, found 4 plugins.
Preloading 0 native plugins for Editor in 0.00 ms.
Mono: successfully reloaded assembly
- Completed reload, in  1.270 seconds
Domain Reload Profiling:
	ReloadAssembly (1271ms)
		BeginReloadAssembly (272ms)
			ExecutionOrderSort (0ms)
			DisableScriptedObjects (20ms)
			BackupInstance (0ms)
			ReleaseScriptingObjects (0ms)
			CreateAndSetChildDomain (104ms)
		EndReloadAssembly (908ms)
			LoadAssemblies (91ms)
			RebuildTransferFunctionScriptingTraits (0ms)
			SetupTypeCache (266ms)
			ReleaseScriptCaches (2ms)
			RebuildScriptCaches (49ms)
			SetupLoadedEditorAssemblies (459ms)
				LogAssemblyErrors (0ms)
				InitializePlatformSupportModulesInManaged (17ms)
				SetLoadedEditorAssemblies (1ms)
				RefreshPlugins (1ms)
				BeforeProcessingInitializeOnLoad (125ms)
				ProcessInitializeOnLoadAttributes (256ms)
				ProcessInitializeOnLoadMethodAttributes (50ms)
				AfterProcessingInitializeOnLoad (9ms)
				EditorAssembliesLoaded (0ms)
			ExecutionOrderSort2 (0ms)
			AwakeInstancesAfterBackupRestoration (10ms)
Platform modules already initialized, skipping
Refreshing native plugins compatible for Editor in 2.74 ms, found 4 plugins.
Preloading 0 native plugins for Editor in 0.00 ms.
Unloading 4087 Unused Serialized files (Serialized files now loaded: 0)
Unloading 30 unused Assets / (192.3 KB). Loaded Objects now: 4648.
Memory consumption went from 157.4 MB to 157.2 MB.
Total: 3.903400 ms (FindLiveObjects: 0.370500 ms CreateObjectMapping: 0.134800 ms MarkObjects: 3.188500 ms  DeleteObjects: 0.208100 ms)

AssetImportParameters requested are different than current active one (requested -> active):
  custom:video-decoder-ogg-theora: a1e56fd34408186e4bbccfd4996cb3dc -> 
  custom:container-muxer-webm: aa71ff27fc2769a1b78a27578f13a17b -> 
  custom:container-demuxer-webm: 4f35f7cbe854078d1ac9338744f61a02 -> 
  custom:video-encoder-webm-vp8: eb34c28f22e8b96e1ab97ce403110664 -> 
  custom:audio-encoder-webm-vorbis: bf7c407c2cedff20999df2af8eb42d56 -> 
  custom:framework-win-MediaFoundation: 216162199b28c13a410421893ffa2e32 -> 
  custom:container-demuxer-ogg: 62fdf1f143b41e24485cea50d1cbac27 -> 
  custom:video-decoder-webm-vp8: 9c59270c3fd7afecdb556c50c9e8de78 -> 
  custom:audio-decoder-ogg-vorbis: bf7c407c2cedff20999df2af8eb42d56 -> 
========================================================================
Received Prepare
Registering precompiled user dll's ...
Registered in 0.004926 seconds.
Begin MonoManager ReloadAssembly
Symbol file LoadedFromMemory doesn't match image C:\Users\rmwandire\Untitled Blue Gravity Studios Interview Game\Library\PackageCache\com.unity.visualscripting@1.7.6\Editor\VisualScripting.Core\Dependencies\YamlDotNet\Unity.VisualScripting.YamlDotNet.dll
Symbol file LoadedFromMemory doesn't match image C:\Users\rmwandire\Untitled Blue Gravity Studios Interview Game\Library\PackageCache\com.unity.visualscripting@1.7.6\Editor\VisualScripting.Core\Dependencies\DotNetZip\Unity.VisualScripting.IonicZip.dll
Native extension for WindowsStandalone target not found
Refreshing native plugins compatible for Editor in 0.77 ms, found 4 plugins.
Preloading 0 native plugins for Editor in 0.00 ms.
Mono: successfully reloaded assembly
- Completed reload, in  0.926 seconds
Domain Reload Profiling:
	ReloadAssembly (927ms)
		BeginReloadAssembly (128ms)
			ExecutionOrderSort (0ms)
			DisableScriptedObjects (6ms)
			BackupInstance (0ms)
			ReleaseScriptingObjects (0ms)
			CreateAndSetChildDomain (41ms)
		EndReloadAssembly (704ms)
			LoadAssemblies (76ms)
			RebuildTransferFunctionScriptingTraits (0ms)
			SetupTypeCache (225ms)
			ReleaseScriptCaches (2ms)
			RebuildScriptCaches (48ms)
			SetupLoadedEditorAssemblies (307ms)
				LogAssemblyErrors (0ms)
				InitializePlatformSupportModulesInManaged (10ms)
				SetLoadedEditorAssemblies (0ms)
				RefreshPlugins (1ms)
				BeforeProcessingInitializeOnLoad (62ms)
				ProcessInitializeOnLoadAttributes (185ms)
				ProcessInitializeOnLoadMethodAttributes (44ms)
				AfterProcessingInitializeOnLoad (5ms)
				EditorAssembliesLoaded (0ms)
			ExecutionOrderSort2 (0ms)
			AwakeInstancesAfterBackupRestoration (11ms)
Platform modules already initialized, skipping
Refreshing native plugins compatible for Editor in 3.02 ms, found 4 plugins.
Preloading 0 native plugins for Editor in 0.00 ms.
Unloading 4087 Unused Serialized files (Serialized files now loaded: 0)
Unloading 30 unused Assets / (192.4 KB). Loaded Objects now: 4651.
Memory consumption went from 157.4 MB to 157.2 MB.
Total: 3.905500 ms (FindLiveObjects: 0.349700 ms CreateObjectMapping: 0.562000 ms MarkObjects: 2.801000 ms  DeleteObjects: 0.191500 ms)

AssetImportParameters requested are different than current active one (requested -> active):
  custom:video-decoder-ogg-theora: a1e56fd34408186e4bbccfd4996cb3dc -> 
  custom:container-muxer-webm: aa71ff27fc2769a1b78a27578f13a17b -> 
  custom:container-demuxer-webm: 4f35f7cbe854078d1ac9338744f61a02 -> 
  custom:video-encoder-webm-vp8: eb34c28f22e8b96e1ab97ce403110664 -> 
  custom:audio-encoder-webm-vorbis: bf7c407c2cedff20999df2af8eb42d56 -> 
  custom:framework-win-MediaFoundation: 216162199b28c13a410421893ffa2e32 -> 
  custom:container-demuxer-ogg: 62fdf1f143b41e24485cea50d1cbac27 -> 
  custom:video-decoder-webm-vp8: 9c59270c3fd7afecdb556c50c9e8de78 -> 
  custom:audio-decoder-ogg-vorbis: bf7c407c2cedff20999df2af8eb42d56 -> 
========================================================================
Received Import Request.
  Time since last request: 270.169290 seconds.
  path: Assets/Animations/Player/Outfits/Default/walk_down 1.anim
  artifactKey: Guid(9ecf7f9ca23fe63439291e2848c14c68) Importer(815301076,1909f56bfc062723c751e8b465ee728b)
Start importing Assets/Animations/Player/Outfits/Default/walk_down 1.anim using Guid(9ecf7f9ca23fe63439291e2848c14c68) Importer(815301076,1909f56bfc062723c751e8b465ee728b)  -> (artifact id: '1c935ea46e2457d2f6e9426ce71d50a6') in 0.019746 seconds 
