Using pre-set license
Built from '2021.3/staging' branch; Version is '2021.3.2f1 (d6360bedb9a0) revision 14038539'; Using compiler version '192829333'; Build Type 'Release'
OS: 'Windows 10  (10.0.19043) 64bit Professional' Language: 'en' Physical Memory: 16167 MB
BatchMode: 1, IsHumanControllingUs: 0, StartBugReporterOnCrash: 0, Is64bit: 1, IsPro: 1

COMMAND LINE ARGUMENTS:
C:\Program Files\Unity\Hub\Editor\2021.3.2f1\Editor\Unity.exe
-adb2
-batchMode
-noUpm
-name
AssetImportWorker1
-projectPath
C:/Users/rmwandire/Untitled Blue Gravity Studios Interview Game
-logFile
Logs/AssetImportWorker1.log
-srvPort
53262
Successfully changed project path to: C:/Users/rmwandire/Untitled Blue Gravity Studios Interview Game
C:/Users/rmwandire/Untitled Blue Gravity Studios Interview Game
[UnityMemory] Configuration Parameters - Can be set up in boot.config
    "memorysetup-bucket-allocator-granularity=16"
    "memorysetup-bucket-allocator-bucket-count=8"
    "memorysetup-bucket-allocator-block-size=33554432"
    "memorysetup-bucket-allocator-block-count=8"
    "memorysetup-main-allocator-block-size=16777216"
    "memorysetup-thread-allocator-block-size=16777216"
    "memorysetup-gfx-main-allocator-block-size=16777216"
    "memorysetup-gfx-thread-allocator-block-size=16777216"
    "memorysetup-cache-allocator-block-size=4194304"
    "memorysetup-typetree-allocator-block-size=2097152"
    "memorysetup-profiler-bucket-allocator-granularity=16"
    "memorysetup-profiler-bucket-allocator-bucket-count=8"
    "memorysetup-profiler-bucket-allocator-block-size=33554432"
    "memorysetup-profiler-bucket-allocator-block-count=8"
    "memorysetup-profiler-allocator-block-size=16777216"
    "memorysetup-profiler-editor-allocator-block-size=1048576"
    "memorysetup-temp-allocator-size-main=16777216"
    "memorysetup-job-temp-allocator-block-size=2097152"
    "memorysetup-job-temp-allocator-block-size-background=1048576"
    "memorysetup-job-temp-allocator-reduction-small-platforms=262144"
    "memorysetup-temp-allocator-size-background-worker=32768"
    "memorysetup-temp-allocator-size-job-worker=262144"
    "memorysetup-temp-allocator-size-preload-manager=33554432"
    "memorysetup-temp-allocator-size-nav-mesh-worker=65536"
    "memorysetup-temp-allocator-size-audio-worker=65536"
    "memorysetup-temp-allocator-size-cloud-worker=32768"
    "memorysetup-temp-allocator-size-gi-baking-worker=262144"
    "memorysetup-temp-allocator-size-gfx=262144"
Refreshing native plugins compatible for Editor in 91.99 ms, found 4 plugins.
Preloading 0 native plugins for Editor in 0.00 ms.
Initialize engine version: 2021.3.2f1 (d6360bedb9a0)
[Subsystems] Discovering subsystems at path C:/Program Files/Unity/Hub/Editor/2021.3.2f1/Editor/Data/Resources/UnitySubsystems
[Subsystems] Discovering subsystems at path C:/Users/rmwandire/Untitled Blue Gravity Studios Interview Game/Assets
GfxDevice: creating device client; threaded=0; jobified=0
Direct3D:
    Version:  Direct3D 11.0 [level 11.1]
    Renderer: Intel(R) Iris(R) Xe Graphics (ID=0x9a49)
    Vendor:   Intel
    VRAM:     8083 MB
    Driver:   30.0.101.1960
Initialize mono
Mono path[0] = 'C:/Program Files/Unity/Hub/Editor/2021.3.2f1/Editor/Data/Managed'
Mono path[1] = 'C:/Program Files/Unity/Hub/Editor/2021.3.2f1/Editor/Data/MonoBleedingEdge/lib/mono/unityjit-win32'
Mono config path = 'C:/Program Files/Unity/Hub/Editor/2021.3.2f1/Editor/Data/MonoBleedingEdge/etc'
Using monoOptions --debugger-agent=transport=dt_socket,embedding=1,server=y,suspend=n,address=127.0.0.1:56316
Begin MonoManager ReloadAssembly
Registering precompiled unity dll's ...
Register platform support module: C:/Program Files/Unity/Hub/Editor/2021.3.2f1/Editor/Data/PlaybackEngines/WindowsStandaloneSupport/UnityEditor.WindowsStandalone.Extensions.dll
Registered in 0.003647 seconds.
Native extension for WindowsStandalone target not found
Refreshing native plugins compatible for Editor in 86.10 ms, found 4 plugins.
Preloading 0 native plugins for Editor in 0.00 ms.
Mono: successfully reloaded assembly
- Completed reload, in  0.651 seconds
Domain Reload Profiling:
	ReloadAssembly (653ms)
		BeginReloadAssembly (68ms)
			ExecutionOrderSort (0ms)
			DisableScriptedObjects (0ms)
			BackupInstance (0ms)
			ReleaseScriptingObjects (0ms)
			CreateAndSetChildDomain (1ms)
		EndReloadAssembly (417ms)
			LoadAssemblies (66ms)
			RebuildTransferFunctionScriptingTraits (0ms)
			SetupTypeCache (93ms)
			ReleaseScriptCaches (0ms)
			RebuildScriptCaches (28ms)
			SetupLoadedEditorAssemblies (252ms)
				LogAssemblyErrors (0ms)
				InitializePlatformSupportModulesInManaged (6ms)
				SetLoadedEditorAssemblies (0ms)
				RefreshPlugins (86ms)
				BeforeProcessingInitializeOnLoad (1ms)
				ProcessInitializeOnLoadAttributes (111ms)
				ProcessInitializeOnLoadMethodAttributes (47ms)
				AfterProcessingInitializeOnLoad (0ms)
				EditorAssembliesLoaded (0ms)
			ExecutionOrderSort2 (0ms)
			AwakeInstancesAfterBackupRestoration (0ms)
Platform modules already initialized, skipping
Registering precompiled user dll's ...
Registered in 0.004666 seconds.
Begin MonoManager ReloadAssembly
Symbol file LoadedFromMemory doesn't match image C:\Users\rmwandire\Untitled Blue Gravity Studios Interview Game\Library\PackageCache\com.unity.visualscripting@1.7.6\Editor\VisualScripting.Core\Dependencies\YamlDotNet\Unity.VisualScripting.YamlDotNet.dll
Symbol file LoadedFromMemory doesn't match image C:\Users\rmwandire\Untitled Blue Gravity Studios Interview Game\Library\PackageCache\com.unity.visualscripting@1.7.6\Editor\VisualScripting.Core\Dependencies\DotNetZip\Unity.VisualScripting.IonicZip.dll
Native extension for WindowsStandalone target not found
Refreshing native plugins compatible for Editor in 79.36 ms, found 4 plugins.
Preloading 0 native plugins for Editor in 0.00 ms.
Mono: successfully reloaded assembly
- Completed reload, in  1.088 seconds
Domain Reload Profiling:
	ReloadAssembly (1089ms)
		BeginReloadAssembly (107ms)
			ExecutionOrderSort (0ms)
			DisableScriptedObjects (5ms)
			BackupInstance (0ms)
			ReleaseScriptingObjects (0ms)
			CreateAndSetChildDomain (19ms)
		EndReloadAssembly (826ms)
			LoadAssemblies (83ms)
			RebuildTransferFunctionScriptingTraits (0ms)
			SetupTypeCache (218ms)
			ReleaseScriptCaches (1ms)
			RebuildScriptCaches (63ms)
			SetupLoadedEditorAssemblies (422ms)
				LogAssemblyErrors (0ms)
				InitializePlatformSupportModulesInManaged (4ms)
				SetLoadedEditorAssemblies (0ms)
				RefreshPlugins (79ms)
				BeforeProcessingInitializeOnLoad (83ms)
				ProcessInitializeOnLoadAttributes (208ms)
				ProcessInitializeOnLoadMethodAttributes (43ms)
				AfterProcessingInitializeOnLoad (4ms)
				EditorAssembliesLoaded (0ms)
			ExecutionOrderSort2 (0ms)
			AwakeInstancesAfterBackupRestoration (5ms)
Platform modules already initialized, skipping
========================================================================
Worker process is ready to serve import requests
Launched and connected shader compiler UnityShaderCompiler.exe after 0.03 seconds
Refreshing native plugins compatible for Editor in 0.75 ms, found 4 plugins.
Preloading 0 native plugins for Editor in 0.00 ms.
Unloading 4049 Unused Serialized files (Serialized files now loaded: 0)
Unloading 43 unused Assets / (225.4 KB). Loaded Objects now: 4499.
Memory consumption went from 150.7 MB to 150.5 MB.
Total: 5.370600 ms (FindLiveObjects: 0.432600 ms CreateObjectMapping: 0.483600 ms MarkObjects: 4.197300 ms  DeleteObjects: 0.255500 ms)

AssetImportParameters requested are different than current active one (requested -> active):
  custom:video-decoder-ogg-theora: a1e56fd34408186e4bbccfd4996cb3dc -> 
  custom:container-muxer-webm: aa71ff27fc2769a1b78a27578f13a17b -> 
  custom:container-demuxer-webm: 4f35f7cbe854078d1ac9338744f61a02 -> 
  custom:video-encoder-webm-vp8: eb34c28f22e8b96e1ab97ce403110664 -> 
  custom:audio-encoder-webm-vorbis: bf7c407c2cedff20999df2af8eb42d56 -> 
  custom:framework-win-MediaFoundation: 216162199b28c13a410421893ffa2e32 -> 
  custom:container-demuxer-ogg: 62fdf1f143b41e24485cea50d1cbac27 -> 
  custom:video-decoder-webm-vp8: 9c59270c3fd7afecdb556c50c9e8de78 -> 
  custom:audio-decoder-ogg-vorbis: bf7c407c2cedff20999df2af8eb42d56 -> 
========================================================================
Received Prepare
Registering precompiled user dll's ...
Registered in 0.004357 seconds.
Begin MonoManager ReloadAssembly
Symbol file LoadedFromMemory doesn't match image C:\Users\rmwandire\Untitled Blue Gravity Studios Interview Game\Library\PackageCache\com.unity.visualscripting@1.7.6\Editor\VisualScripting.Core\Dependencies\YamlDotNet\Unity.VisualScripting.YamlDotNet.dll
Symbol file LoadedFromMemory doesn't match image C:\Users\rmwandire\Untitled Blue Gravity Studios Interview Game\Library\PackageCache\com.unity.visualscripting@1.7.6\Editor\VisualScripting.Core\Dependencies\DotNetZip\Unity.VisualScripting.IonicZip.dll
Native extension for WindowsStandalone target not found
Refreshing native plugins compatible for Editor in 1.14 ms, found 4 plugins.
Preloading 0 native plugins for Editor in 0.00 ms.
Mono: successfully reloaded assembly
- Completed reload, in  1.102 seconds
Domain Reload Profiling:
	ReloadAssembly (1103ms)
		BeginReloadAssembly (128ms)
			ExecutionOrderSort (0ms)
			DisableScriptedObjects (7ms)
			BackupInstance (0ms)
			ReleaseScriptingObjects (0ms)
			CreateAndSetChildDomain (35ms)
		EndReloadAssembly (888ms)
			LoadAssemblies (81ms)
			RebuildTransferFunctionScriptingTraits (0ms)
			SetupTypeCache (288ms)
			ReleaseScriptCaches (2ms)
			RebuildScriptCaches (58ms)
			SetupLoadedEditorAssemblies (400ms)
				LogAssemblyErrors (0ms)
				InitializePlatformSupportModulesInManaged (16ms)
				SetLoadedEditorAssemblies (0ms)
				RefreshPlugins (1ms)
				BeforeProcessingInitializeOnLoad (87ms)
				ProcessInitializeOnLoadAttributes (240ms)
				ProcessInitializeOnLoadMethodAttributes (50ms)
				AfterProcessingInitializeOnLoad (6ms)
				EditorAssembliesLoaded (0ms)
			ExecutionOrderSort2 (0ms)
			AwakeInstancesAfterBackupRestoration (11ms)
Platform modules already initialized, skipping
Refreshing native plugins compatible for Editor in 2.49 ms, found 4 plugins.
Preloading 0 native plugins for Editor in 0.00 ms.
Unloading 4044 Unused Serialized files (Serialized files now loaded: 0)
Unloading 30 unused Assets / (192.2 KB). Loaded Objects now: 4502.
Memory consumption went from 150.7 MB to 150.5 MB.
Total: 3.824400 ms (FindLiveObjects: 0.640300 ms CreateObjectMapping: 0.542200 ms MarkObjects: 2.463400 ms  DeleteObjects: 0.176600 ms)

AssetImportParameters requested are different than current active one (requested -> active):
  custom:video-decoder-ogg-theora: a1e56fd34408186e4bbccfd4996cb3dc -> 
  custom:container-muxer-webm: aa71ff27fc2769a1b78a27578f13a17b -> 
  custom:container-demuxer-webm: 4f35f7cbe854078d1ac9338744f61a02 -> 
  custom:video-encoder-webm-vp8: eb34c28f22e8b96e1ab97ce403110664 -> 
  custom:audio-encoder-webm-vorbis: bf7c407c2cedff20999df2af8eb42d56 -> 
  custom:framework-win-MediaFoundation: 216162199b28c13a410421893ffa2e32 -> 
  custom:container-demuxer-ogg: 62fdf1f143b41e24485cea50d1cbac27 -> 
  custom:video-decoder-webm-vp8: 9c59270c3fd7afecdb556c50c9e8de78 -> 
  custom:audio-decoder-ogg-vorbis: bf7c407c2cedff20999df2af8eb42d56 -> 
========================================================================
Received Import Request.
  Time since last request: 5242.156071 seconds.
  path: Assets/Pinneaple Dev/Assets/Sprites/Materials/tree_1.mat
  artifactKey: Guid(92c087d7c3019024894f62e6c9ab2667) Importer(815301076,1909f56bfc062723c751e8b465ee728b)
Start importing Assets/Pinneaple Dev/Assets/Sprites/Materials/tree_1.mat using Guid(92c087d7c3019024894f62e6c9ab2667) Importer(815301076,1909f56bfc062723c751e8b465ee728b)  -> (artifact id: '0c1e996aefb6fdfe76dbd75214b0db0d') in 0.368299 seconds 
========================================================================
Received Import Request.
  Time since last request: 22.746922 seconds.
  path: Assets/Pinneaple Dev/Assets/Tiles/Trees.prefab
  artifactKey: Guid(3e2d7f67857f83440af9471cabb1fa68) Importer(815301076,1909f56bfc062723c751e8b465ee728b)
Start importing Assets/Pinneaple Dev/Assets/Tiles/Trees.prefab using Guid(3e2d7f67857f83440af9471cabb1fa68) Importer(815301076,1909f56bfc062723c751e8b465ee728b)  -> (artifact id: '93297e9c5cc4360eba33821585bdaa0d') in 0.068814 seconds 
========================================================================
Received Import Request.
  Time since last request: 2.058226 seconds.
  path: Assets/Pinneaple Dev/Assets/Tiles/Tilesets/ground_tiles_2.PNG
  artifactKey: Guid(7a6cfe57bb08c2542b7ccb9e25fe05bd) Importer(815301076,1909f56bfc062723c751e8b465ee728b)
Start importing Assets/Pinneaple Dev/Assets/Tiles/Tilesets/ground_tiles_2.PNG using Guid(7a6cfe57bb08c2542b7ccb9e25fe05bd) Importer(815301076,1909f56bfc062723c751e8b465ee728b)  -> (artifact id: 'c5e44b3236c9a65527cde1f1e784a9ab') in 2.898814 seconds 
========================================================================
Received Import Request.
  Time since last request: 0.000021 seconds.
  path: Assets/Pinneaple Dev/Assets/Tiles/Tilesets/ground_tiles_7.PNG
  artifactKey: Guid(e507692bb0d2671408df8221d812872b) Importer(815301076,1909f56bfc062723c751e8b465ee728b)
Start importing Assets/Pinneaple Dev/Assets/Tiles/Tilesets/ground_tiles_7.PNG using Guid(e507692bb0d2671408df8221d812872b) Importer(815301076,1909f56bfc062723c751e8b465ee728b)  -> (artifact id: '72456fe39941e6e6bfa8b85aeafa91c3') in 0.126419 seconds 
========================================================================
Received Import Request.
  Time since last request: 0.000026 seconds.
  path: Assets/Pinneaple Dev/Assets/Tiles/Tilesets/ground_tiles_3.PNG
  artifactKey: Guid(fe6213176a9c40c47874f7f4abcb68e5) Importer(815301076,1909f56bfc062723c751e8b465ee728b)
Start importing Assets/Pinneaple Dev/Assets/Tiles/Tilesets/ground_tiles_3.PNG using Guid(fe6213176a9c40c47874f7f4abcb68e5) Importer(815301076,1909f56bfc062723c751e8b465ee728b)  -> (artifact id: 'be0d4c4097d44c58c9a40b2b3b7a91eb') in 0.124899 seconds 
========================================================================
Received Import Request.
  Time since last request: 0.000025 seconds.
  path: Assets/Pinneaple Dev/Assets/Tiles/Tilesets/ground_tiles_5.PNG
  artifactKey: Guid(d357bd36991eb5949ab6ff928c09d522) Importer(815301076,1909f56bfc062723c751e8b465ee728b)
Start importing Assets/Pinneaple Dev/Assets/Tiles/Tilesets/ground_tiles_5.PNG using Guid(d357bd36991eb5949ab6ff928c09d522) Importer(815301076,1909f56bfc062723c751e8b465ee728b)  -> (artifact id: 'd2f23a7d24eae8971ed16c68d715efe3') in 0.127005 seconds 
========================================================================
Received Import Request.
  Time since last request: 121.663873 seconds.
  path: Assets/Pinneaple Dev/Assets/Sprites/item_bomb.PNG
  artifactKey: Guid(ba09e197849e66041aee653685a88442) Importer(815301076,1909f56bfc062723c751e8b465ee728b)
Start importing Assets/Pinneaple Dev/Assets/Sprites/item_bomb.PNG using Guid(ba09e197849e66041aee653685a88442) Importer(815301076,1909f56bfc062723c751e8b465ee728b)  -> (artifact id: '93f0c79074506920c74f7b58ecf5ebe2') in 0.034463 seconds 
========================================================================
Received Import Request.
  Time since last request: 0.000030 seconds.
  path: Assets/Pinneaple Dev/Assets/Sprites/tiles_stone_3.PNG
  artifactKey: Guid(0716237ccdf4d5e4282eb623a5b9f299) Importer(815301076,1909f56bfc062723c751e8b465ee728b)
Start importing Assets/Pinneaple Dev/Assets/Sprites/tiles_stone_3.PNG using Guid(0716237ccdf4d5e4282eb623a5b9f299) Importer(815301076,1909f56bfc062723c751e8b465ee728b)  -> (artifact id: '70b8aea4c88ce5988090d0ca098125be') in 0.039031 seconds 
========================================================================
Received Import Request.
  Time since last request: 0.000026 seconds.
  path: Assets/Pinneaple Dev/Assets/Sprites/item_gem.PNG
  artifactKey: Guid(eb92ff7d9abfe0a40a769e8ffedd1a66) Importer(815301076,1909f56bfc062723c751e8b465ee728b)
Start importing Assets/Pinneaple Dev/Assets/Sprites/item_gem.PNG using Guid(eb92ff7d9abfe0a40a769e8ffedd1a66) Importer(815301076,1909f56bfc062723c751e8b465ee728b)  -> (artifact id: 'e2890bdd6d9035fd4f3fead2602c16ce') in 0.031116 seconds 
========================================================================
Received Import Request.
  Time since last request: 0.000020 seconds.
  path: Assets/Pinneaple Dev/Assets/Sprites/tree_1.PNG
  artifactKey: Guid(b5b6a610a8aa435459eb9f4f84f73ea9) Importer(815301076,1909f56bfc062723c751e8b465ee728b)
Start importing Assets/Pinneaple Dev/Assets/Sprites/tree_1.PNG using Guid(b5b6a610a8aa435459eb9f4f84f73ea9) Importer(815301076,1909f56bfc062723c751e8b465ee728b)  -> (artifact id: '30c6f0ed872c05591f2491bfe9d4704e') in 0.025147 seconds 
========================================================================
Received Import Request.
  Time since last request: 0.000044 seconds.
  path: Assets/Pinneaple Dev/Assets/Sprites/tiles_stone_2.PNG
  artifactKey: Guid(b6b77d8518fc9a1468c4b6facbf1334c) Importer(815301076,1909f56bfc062723c751e8b465ee728b)
Start importing Assets/Pinneaple Dev/Assets/Sprites/tiles_stone_2.PNG using Guid(b6b77d8518fc9a1468c4b6facbf1334c) Importer(815301076,1909f56bfc062723c751e8b465ee728b)  -> (artifact id: 'b013a254ae63f3f72022bf86f8d53355') in 0.036730 seconds 
========================================================================
Received Import Request.
  Time since last request: 3.023685 seconds.
  path: Assets/Pinneaple Dev/Assets/CharacterSprites/enemy_spider_spritesheet.PNG
  artifactKey: Guid(a79936361cdceec4889dd5726b7961ad) Importer(815301076,1909f56bfc062723c751e8b465ee728b)
Start importing Assets/Pinneaple Dev/Assets/CharacterSprites/enemy_spider_spritesheet.PNG using Guid(a79936361cdceec4889dd5726b7961ad) Importer(815301076,1909f56bfc062723c751e8b465ee728b)  -> (artifact id: '90c474da1c33e6b609c0173b10bd2010') in 0.061737 seconds 
========================================================================
Received Import Request.
  Time since last request: 100.726486 seconds.
  path: Assets/Pinneaple Dev/Assets/Tiles/TileSprites/ground_tiles_1_2.asset
  artifactKey: Guid(ac69e813136b3bc45bea28949ef43e34) Importer(815301076,1909f56bfc062723c751e8b465ee728b)
Start importing Assets/Pinneaple Dev/Assets/Tiles/TileSprites/ground_tiles_1_2.asset using Guid(ac69e813136b3bc45bea28949ef43e34) Importer(815301076,1909f56bfc062723c751e8b465ee728b)  -> (artifact id: 'd435234753e92e5d9b79c194217c5a35') in 0.024028 seconds 
========================================================================
Received Import Request.
  Time since last request: 0.000106 seconds.
  path: Assets/Pinneaple Dev/Assets/Tiles/TileSprites/ground_tiles_1_5.asset
  artifactKey: Guid(072bb0796115dfc4b8f6d4bb1deca774) Importer(815301076,1909f56bfc062723c751e8b465ee728b)
Start importing Assets/Pinneaple Dev/Assets/Tiles/TileSprites/ground_tiles_1_5.asset using Guid(072bb0796115dfc4b8f6d4bb1deca774) Importer(815301076,1909f56bfc062723c751e8b465ee728b)  -> (artifact id: 'ca0a856b8ef46c47d766e3dc69820422') in 0.021728 seconds 
========================================================================
Received Import Request.
  Time since last request: 0.000021 seconds.
  path: Assets/Pinneaple Dev/Assets/Tiles/TileSprites/ground_tiles_3_0.asset
  artifactKey: Guid(01064e12ab9bfb8458c6928452c16ed1) Importer(815301076,1909f56bfc062723c751e8b465ee728b)
Start importing Assets/Pinneaple Dev/Assets/Tiles/TileSprites/ground_tiles_3_0.asset using Guid(01064e12ab9bfb8458c6928452c16ed1) Importer(815301076,1909f56bfc062723c751e8b465ee728b)  -> (artifact id: '7e57ae293b87af1299585cc82d8e89d2') in 0.019296 seconds 
========================================================================
Received Import Request.
  Time since last request: 0.000036 seconds.
  path: Assets/Pinneaple Dev/Assets/Tiles/TileSprites/ground_tiles_6_6.asset
  artifactKey: Guid(c65d01ba2cd816e48bd03c36502b50ee) Importer(815301076,1909f56bfc062723c751e8b465ee728b)
Start importing Assets/Pinneaple Dev/Assets/Tiles/TileSprites/ground_tiles_6_6.asset using Guid(c65d01ba2cd816e48bd03c36502b50ee) Importer(815301076,1909f56bfc062723c751e8b465ee728b)  -> (artifact id: '343e6ceb39db4c7f408c68ac3093bd42') in 0.019191 seconds 
========================================================================
Received Import Request.
  Time since last request: 0.000043 seconds.
  path: Assets/Pinneaple Dev/Assets/Tiles/TileSprites/ground_tiles_4_3.asset
  artifactKey: Guid(d072771ce50aced4896e5ab3898dd297) Importer(815301076,1909f56bfc062723c751e8b465ee728b)
Start importing Assets/Pinneaple Dev/Assets/Tiles/TileSprites/ground_tiles_4_3.asset using Guid(d072771ce50aced4896e5ab3898dd297) Importer(815301076,1909f56bfc062723c751e8b465ee728b)  -> (artifact id: 'f75b9010cb7ec5458e4ca1f72fc334ec') in 0.019053 seconds 
========================================================================
Received Import Request.
  Time since last request: 0.000037 seconds.
  path: Assets/Pinneaple Dev/Assets/Tiles/TileSprites/ground_tiles_3_3.asset
  artifactKey: Guid(e3fd23f3d5ebcb84fa45f4056fb637d1) Importer(815301076,1909f56bfc062723c751e8b465ee728b)
Start importing Assets/Pinneaple Dev/Assets/Tiles/TileSprites/ground_tiles_3_3.asset using Guid(e3fd23f3d5ebcb84fa45f4056fb637d1) Importer(815301076,1909f56bfc062723c751e8b465ee728b)  -> (artifact id: '3a66ec26abda77470eebae192f2a1451') in 0.015170 seconds 
========================================================================
Received Import Request.
  Time since last request: 0.000017 seconds.
  path: Assets/Pinneaple Dev/Assets/Tiles/TileSprites/ground_tiles_5_2.asset
  artifactKey: Guid(7286348ac2f745f41aecf0916f674ccd) Importer(815301076,1909f56bfc062723c751e8b465ee728b)
Start importing Assets/Pinneaple Dev/Assets/Tiles/TileSprites/ground_tiles_5_2.asset using Guid(7286348ac2f745f41aecf0916f674ccd) Importer(815301076,1909f56bfc062723c751e8b465ee728b)  -> (artifact id: '41e45f6b5ab55c422eff59137ec4fb17') in 0.021400 seconds 
========================================================================
Received Import Request.
  Time since last request: 0.000023 seconds.
  path: Assets/Pinneaple Dev/Assets/Tiles/TileSprites/ground_tiles_5_1.asset
  artifactKey: Guid(b64908ce0feece641b89306647b131b3) Importer(815301076,1909f56bfc062723c751e8b465ee728b)
Start importing Assets/Pinneaple Dev/Assets/Tiles/TileSprites/ground_tiles_5_1.asset using Guid(b64908ce0feece641b89306647b131b3) Importer(815301076,1909f56bfc062723c751e8b465ee728b)  -> (artifact id: '645a1054f645d10906210058ca2d0417') in 0.020107 seconds 
========================================================================
Received Import Request.
  Time since last request: 0.000034 seconds.
  path: Assets/Pinneaple Dev/Assets/Tiles/TileSprites/ground_tiles_2_7.asset
  artifactKey: Guid(afebb996809b4ed42a1db310e8a0d4a9) Importer(815301076,1909f56bfc062723c751e8b465ee728b)
Start importing Assets/Pinneaple Dev/Assets/Tiles/TileSprites/ground_tiles_2_7.asset using Guid(afebb996809b4ed42a1db310e8a0d4a9) Importer(815301076,1909f56bfc062723c751e8b465ee728b)  -> (artifact id: '9866ebc2c17fb42cb6ab704b69994fda') in 0.019444 seconds 
========================================================================
Received Import Request.
  Time since last request: 0.000032 seconds.
  path: Assets/Pinneaple Dev/Assets/Tiles/TileSprites/ground_tiles_5_4.asset
  artifactKey: Guid(b03950f462ce0d8468fa3bf558144937) Importer(815301076,1909f56bfc062723c751e8b465ee728b)
Start importing Assets/Pinneaple Dev/Assets/Tiles/TileSprites/ground_tiles_5_4.asset using Guid(b03950f462ce0d8468fa3bf558144937) Importer(815301076,1909f56bfc062723c751e8b465ee728b)  -> (artifact id: '1bd38a19384a8ae4d42e892b4f17cebb') in 0.018993 seconds 
========================================================================
Received Import Request.
  Time since last request: 0.000022 seconds.
  path: Assets/Pinneaple Dev/Assets/Tiles/TileSprites/ground_tiles_5_0.asset
  artifactKey: Guid(6442edfe23151ed43812c861a100ba7d) Importer(815301076,1909f56bfc062723c751e8b465ee728b)
Start importing Assets/Pinneaple Dev/Assets/Tiles/TileSprites/ground_tiles_5_0.asset using Guid(6442edfe23151ed43812c861a100ba7d) Importer(815301076,1909f56bfc062723c751e8b465ee728b)  -> (artifact id: 'd2e69a2810ad6f7d5c583db257045828') in 0.019652 seconds 
========================================================================
Received Import Request.
  Time since last request: 0.000026 seconds.
  path: Assets/Pinneaple Dev/Assets/Tiles/TileSprites/ground_tiles_4_1.asset
  artifactKey: Guid(4fe99d3e784277a4b9cae8d8fb0982cf) Importer(815301076,1909f56bfc062723c751e8b465ee728b)
Start importing Assets/Pinneaple Dev/Assets/Tiles/TileSprites/ground_tiles_4_1.asset using Guid(4fe99d3e784277a4b9cae8d8fb0982cf) Importer(815301076,1909f56bfc062723c751e8b465ee728b)  -> (artifact id: 'c79322ab7dee4ccbef80b5a6f758f311') in 0.017381 seconds 
========================================================================
Received Import Request.
  Time since last request: 0.000027 seconds.
  path: Assets/Pinneaple Dev/Assets/Tiles/TileSprites/ground_tiles_5_5.asset
  artifactKey: Guid(601d57936ac4a2447aa3d5b038da0e91) Importer(815301076,1909f56bfc062723c751e8b465ee728b)
Start importing Assets/Pinneaple Dev/Assets/Tiles/TileSprites/ground_tiles_5_5.asset using Guid(601d57936ac4a2447aa3d5b038da0e91) Importer(815301076,1909f56bfc062723c751e8b465ee728b)  -> (artifact id: '7ee0610ec1d2d4c7e049c5d31ccb9c98') in 0.019441 seconds 
========================================================================
Received Import Request.
  Time since last request: 0.000018 seconds.
  path: Assets/Pinneaple Dev/Assets/Tiles/TileSprites/ground_tiles_4_7.asset
  artifactKey: Guid(457926bfdc7da4a4b8ad7b43105c502f) Importer(815301076,1909f56bfc062723c751e8b465ee728b)
Start importing Assets/Pinneaple Dev/Assets/Tiles/TileSprites/ground_tiles_4_7.asset using Guid(457926bfdc7da4a4b8ad7b43105c502f) Importer(815301076,1909f56bfc062723c751e8b465ee728b)  -> (artifact id: '21b58cf6f0f00b83a6fb2c4dc149dc5e') in 0.018040 seconds 
========================================================================
Received Import Request.
  Time since last request: 0.000024 seconds.
  path: Assets/Pinneaple Dev/Assets/Tiles/TileSprites/ground_tiles_3_6.asset
  artifactKey: Guid(1005d7b4e3fbefe4e89fa87eb6b5f22a) Importer(815301076,1909f56bfc062723c751e8b465ee728b)
Start importing Assets/Pinneaple Dev/Assets/Tiles/TileSprites/ground_tiles_3_6.asset using Guid(1005d7b4e3fbefe4e89fa87eb6b5f22a) Importer(815301076,1909f56bfc062723c751e8b465ee728b)  -> (artifact id: 'f510cf907d6c20637bfb325c47bb27f9') in 0.020287 seconds 
========================================================================
Received Import Request.
  Time since last request: 0.000020 seconds.
  path: Assets/Pinneaple Dev/Assets/Tiles/TileSprites/ground_tiles_2_5.asset
  artifactKey: Guid(0d61f3ebb5979d74ebac4c6a77393f1f) Importer(815301076,1909f56bfc062723c751e8b465ee728b)
Start importing Assets/Pinneaple Dev/Assets/Tiles/TileSprites/ground_tiles_2_5.asset using Guid(0d61f3ebb5979d74ebac4c6a77393f1f) Importer(815301076,1909f56bfc062723c751e8b465ee728b)  -> (artifact id: '3df945b2cba71e2f84fe9ba8cdf3b26d') in 0.017808 seconds 
========================================================================
Received Import Request.
  Time since last request: 0.000022 seconds.
  path: Assets/Pinneaple Dev/Assets/Tiles/TileSprites/ground_tiles_6_5.asset
  artifactKey: Guid(3c2473bfabf61874193394f92c1cd1b5) Importer(815301076,1909f56bfc062723c751e8b465ee728b)
Start importing Assets/Pinneaple Dev/Assets/Tiles/TileSprites/ground_tiles_6_5.asset using Guid(3c2473bfabf61874193394f92c1cd1b5) Importer(815301076,1909f56bfc062723c751e8b465ee728b)  -> (artifact id: 'f4173bd39a9f34c3398ddb8c1c817484') in 0.018624 seconds 
========================================================================
Received Import Request.
  Time since last request: 0.000022 seconds.
  path: Assets/Pinneaple Dev/Assets/Tiles/TileSprites/ground_tiles_5_8.asset
  artifactKey: Guid(76c18479fa6e266458420443febe6290) Importer(815301076,1909f56bfc062723c751e8b465ee728b)
Start importing Assets/Pinneaple Dev/Assets/Tiles/TileSprites/ground_tiles_5_8.asset using Guid(76c18479fa6e266458420443febe6290) Importer(815301076,1909f56bfc062723c751e8b465ee728b)  -> (artifact id: '96e5f28521823dbbbdf4d7aadd81fd50') in 0.017512 seconds 
========================================================================
Received Import Request.
  Time since last request: 0.000028 seconds.
  path: Assets/Pinneaple Dev/Assets/Tiles/TileSprites/ground_tiles_1_3.asset
  artifactKey: Guid(f621d98662a2f944da3b0b91febb23de) Importer(815301076,1909f56bfc062723c751e8b465ee728b)
Start importing Assets/Pinneaple Dev/Assets/Tiles/TileSprites/ground_tiles_1_3.asset using Guid(f621d98662a2f944da3b0b91febb23de) Importer(815301076,1909f56bfc062723c751e8b465ee728b)  -> (artifact id: '75be0b00bd76cc4a3a68c442631139d3') in 0.018182 seconds 
========================================================================
Received Import Request.
  Time since last request: 0.000029 seconds.
  path: Assets/Pinneaple Dev/Assets/Tiles/TileSprites/ground_tiles_4_5.asset
  artifactKey: Guid(5f12294f966ae964eb2f15dda6b4b2cd) Importer(815301076,1909f56bfc062723c751e8b465ee728b)
Start importing Assets/Pinneaple Dev/Assets/Tiles/TileSprites/ground_tiles_4_5.asset using Guid(5f12294f966ae964eb2f15dda6b4b2cd) Importer(815301076,1909f56bfc062723c751e8b465ee728b)  -> (artifact id: 'f48787c6a2faebe989b0c8bafc356eca') in 0.018648 seconds 
========================================================================
Received Import Request.
  Time since last request: 0.000031 seconds.
  path: Assets/Pinneaple Dev/Assets/Tiles/TileSprites/ground_tiles_6_2.asset
  artifactKey: Guid(bc270fa09352ece48803e9003f5a123c) Importer(815301076,1909f56bfc062723c751e8b465ee728b)
Start importing Assets/Pinneaple Dev/Assets/Tiles/TileSprites/ground_tiles_6_2.asset using Guid(bc270fa09352ece48803e9003f5a123c) Importer(815301076,1909f56bfc062723c751e8b465ee728b)  -> (artifact id: 'fae6d2bd303f1e5eb310a4c1365b997d') in 0.019115 seconds 
========================================================================
Received Import Request.
  Time since last request: 0.000023 seconds.
  path: Assets/Pinneaple Dev/Assets/Tiles/TileSprites/ground_tiles_3_2.asset
  artifactKey: Guid(c75a1b343efb6ff4aaa0b31d25498e1c) Importer(815301076,1909f56bfc062723c751e8b465ee728b)
Start importing Assets/Pinneaple Dev/Assets/Tiles/TileSprites/ground_tiles_3_2.asset using Guid(c75a1b343efb6ff4aaa0b31d25498e1c) Importer(815301076,1909f56bfc062723c751e8b465ee728b)  -> (artifact id: 'f8c8298caa6429220657940db9125b1f') in 0.014643 seconds 
========================================================================
Received Import Request.
  Time since last request: 0.000025 seconds.
  path: Assets/Pinneaple Dev/Assets/Tiles/TileSprites/ground_tiles_3_1.asset
  artifactKey: Guid(fee28a3164aa9a54cb2f17716b725da5) Importer(815301076,1909f56bfc062723c751e8b465ee728b)
Start importing Assets/Pinneaple Dev/Assets/Tiles/TileSprites/ground_tiles_3_1.asset using Guid(fee28a3164aa9a54cb2f17716b725da5) Importer(815301076,1909f56bfc062723c751e8b465ee728b)  -> (artifact id: '20ad40360d402ee8a06b1b7c0a59dd0e') in 0.018589 seconds 
========================================================================
Received Import Request.
  Time since last request: 0.000022 seconds.
  path: Assets/Pinneaple Dev/Assets/Tiles/TileSprites/ground_tiles_6_0.asset
  artifactKey: Guid(5bab9b9a257596a4dab7fb56e528bd5e) Importer(815301076,1909f56bfc062723c751e8b465ee728b)
Start importing Assets/Pinneaple Dev/Assets/Tiles/TileSprites/ground_tiles_6_0.asset using Guid(5bab9b9a257596a4dab7fb56e528bd5e) Importer(815301076,1909f56bfc062723c751e8b465ee728b)  -> (artifact id: 'dc5cd20d7251aca860f052909728adfd') in 0.020655 seconds 
========================================================================
Received Import Request.
  Time since last request: 0.000033 seconds.
  path: Assets/Pinneaple Dev/Assets/Tiles/TileSprites/ground_tiles_6_7.asset
  artifactKey: Guid(bd65f67bd48b321429834ee6037ec6b8) Importer(815301076,1909f56bfc062723c751e8b465ee728b)
Start importing Assets/Pinneaple Dev/Assets/Tiles/TileSprites/ground_tiles_6_7.asset using Guid(bd65f67bd48b321429834ee6037ec6b8) Importer(815301076,1909f56bfc062723c751e8b465ee728b)  -> (artifact id: 'bb8f5874a279ffe4d949692795939ada') in 0.018083 seconds 
========================================================================
Received Import Request.
  Time since last request: 0.000041 seconds.
  path: Assets/Pinneaple Dev/Assets/Tiles/TileSprites/ground_tiles_2_1.asset
  artifactKey: Guid(deb2a428ee8d643408883143d175626a) Importer(815301076,1909f56bfc062723c751e8b465ee728b)
Start importing Assets/Pinneaple Dev/Assets/Tiles/TileSprites/ground_tiles_2_1.asset using Guid(deb2a428ee8d643408883143d175626a) Importer(815301076,1909f56bfc062723c751e8b465ee728b)  -> (artifact id: '0d8c3be556ad20544c3bb133faaa1acf') in 0.017276 seconds 
========================================================================
Received Import Request.
  Time since last request: 0.515009 seconds.
  path: Assets/Pinneaple Dev/Assets/Tiles/TileSprites/ground_tiles_7_0.asset
  artifactKey: Guid(55b01e2e22c5de3458d54ebbc42183bc) Importer(815301076,1909f56bfc062723c751e8b465ee728b)
Start importing Assets/Pinneaple Dev/Assets/Tiles/TileSprites/ground_tiles_7_0.asset using Guid(55b01e2e22c5de3458d54ebbc42183bc) Importer(815301076,1909f56bfc062723c751e8b465ee728b)  -> (artifact id: '637d4dc620c9f9cb19af43072bad2dde') in 0.017504 seconds 
========================================================================
Received Import Request.
  Time since last request: 0.000018 seconds.
  path: Assets/Pinneaple Dev/Assets/Tiles/TileSprites/tiles_stone_1.asset
  artifactKey: Guid(c157fa6772445374ca651296c595d7fc) Importer(815301076,1909f56bfc062723c751e8b465ee728b)
Start importing Assets/Pinneaple Dev/Assets/Tiles/TileSprites/tiles_stone_1.asset using Guid(c157fa6772445374ca651296c595d7fc) Importer(815301076,1909f56bfc062723c751e8b465ee728b)  -> (artifact id: '742e4ad40656366689f3316bb2e99b40') in 0.016046 seconds 
========================================================================
Received Import Request.
  Time since last request: 0.000029 seconds.
  path: Assets/Pinneaple Dev/Assets/Tiles/TileSprites/ground_tiles_7_2.asset
  artifactKey: Guid(7bffa4c37b7eccb4190fedbf1ab24fdf) Importer(815301076,1909f56bfc062723c751e8b465ee728b)
Start importing Assets/Pinneaple Dev/Assets/Tiles/TileSprites/ground_tiles_7_2.asset using Guid(7bffa4c37b7eccb4190fedbf1ab24fdf) Importer(815301076,1909f56bfc062723c751e8b465ee728b)  -> (artifact id: 'b790f2741d9011394658fe7eac695337') in 0.022107 seconds 
========================================================================
Received Import Request.
  Time since last request: 0.000023 seconds.
  path: Assets/Pinneaple Dev/Assets/Tiles/TileSprites/ground_tiles_7_8.asset
  artifactKey: Guid(55a2f18ef1bd7f4478d87e3dbf965a36) Importer(815301076,1909f56bfc062723c751e8b465ee728b)
Start importing Assets/Pinneaple Dev/Assets/Tiles/TileSprites/ground_tiles_7_8.asset using Guid(55a2f18ef1bd7f4478d87e3dbf965a36) Importer(815301076,1909f56bfc062723c751e8b465ee728b)  -> (artifact id: 'f7ef385bf77813400191c0ae2018e591') in 0.021880 seconds 
========================================================================
Received Import Request.
  Time since last request: 0.000017 seconds.
  path: Assets/Pinneaple Dev/Assets/Tiles/TileSprites/tree_3.asset
  artifactKey: Guid(48b773506bc4b9b43ba387d6aef671f1) Importer(815301076,1909f56bfc062723c751e8b465ee728b)
Start importing Assets/Pinneaple Dev/Assets/Tiles/TileSprites/tree_3.asset using Guid(48b773506bc4b9b43ba387d6aef671f1) Importer(815301076,1909f56bfc062723c751e8b465ee728b)  -> (artifact id: 'afdf7884211abe610a2ffebd21e7e6df') in 0.018882 seconds 
========================================================================
Received Import Request.
  Time since last request: 0.000027 seconds.
  path: Assets/Pinneaple Dev/Assets/Tiles/TileSprites/tiles_stone_2.asset
  artifactKey: Guid(f318614ba3f48e448af4e8d8a8b15d4b) Importer(815301076,1909f56bfc062723c751e8b465ee728b)
Start importing Assets/Pinneaple Dev/Assets/Tiles/TileSprites/tiles_stone_2.asset using Guid(f318614ba3f48e448af4e8d8a8b15d4b) Importer(815301076,1909f56bfc062723c751e8b465ee728b)  -> (artifact id: '9348306c262f7dad2b2c7d0ea37ebe21') in 0.013718 seconds 
========================================================================
Received Import Request.
  Time since last request: 0.000025 seconds.
  path: Assets/Pinneaple Dev/Assets/Tiles/TileSprites/tree_2.asset
  artifactKey: Guid(ea5942e8db8f3d441a1d1ad01c662b51) Importer(815301076,1909f56bfc062723c751e8b465ee728b)
Start importing Assets/Pinneaple Dev/Assets/Tiles/TileSprites/tree_2.asset using Guid(ea5942e8db8f3d441a1d1ad01c662b51) Importer(815301076,1909f56bfc062723c751e8b465ee728b)  -> (artifact id: 'a41f3ef26a39fb224a529b9d58f23ef4') in 0.015105 seconds 
========================================================================
Received Import Request.
  Time since last request: 0.000037 seconds.
  path: Assets/Pinneaple Dev/Assets/Tiles/TileSprites/ground_tiles_7_4.asset
  artifactKey: Guid(6d9d4bdb771b065469c171a2bd796953) Importer(815301076,1909f56bfc062723c751e8b465ee728b)
Start importing Assets/Pinneaple Dev/Assets/Tiles/TileSprites/ground_tiles_7_4.asset using Guid(6d9d4bdb771b065469c171a2bd796953) Importer(815301076,1909f56bfc062723c751e8b465ee728b)  -> (artifact id: '3a6f5d1c132aedbe476430aa613b86d9') in 1.500625 seconds 
========================================================================
Received Prepare
Registering precompiled user dll's ...
Registered in 0.006760 seconds.
Begin MonoManager ReloadAssembly
Symbol file LoadedFromMemory doesn't match image C:\Users\rmwandire\Untitled Blue Gravity Studios Interview Game\Library\PackageCache\com.unity.visualscripting@1.7.6\Editor\VisualScripting.Core\Dependencies\YamlDotNet\Unity.VisualScripting.YamlDotNet.dll
Symbol file LoadedFromMemory doesn't match image C:\Users\rmwandire\Untitled Blue Gravity Studios Interview Game\Library\PackageCache\com.unity.visualscripting@1.7.6\Editor\VisualScripting.Core\Dependencies\DotNetZip\Unity.VisualScripting.IonicZip.dll
Native extension for WindowsStandalone target not found
Refreshing native plugins compatible for Editor in 1.19 ms, found 4 plugins.
Preloading 0 native plugins for Editor in 0.00 ms.
Mono: successfully reloaded assembly
- Completed reload, in  1.410 seconds
Domain Reload Profiling:
	ReloadAssembly (1412ms)
		BeginReloadAssembly (301ms)
			ExecutionOrderSort (0ms)
			DisableScriptedObjects (30ms)
			BackupInstance (0ms)
			ReleaseScriptingObjects (0ms)
			CreateAndSetChildDomain (143ms)
		EndReloadAssembly (983ms)
			LoadAssemblies (105ms)
			RebuildTransferFunctionScriptingTraits (0ms)
			SetupTypeCache (313ms)
			ReleaseScriptCaches (4ms)
			RebuildScriptCaches (67ms)
			SetupLoadedEditorAssemblies (431ms)
				LogAssemblyErrors (0ms)
				InitializePlatformSupportModulesInManaged (16ms)
				SetLoadedEditorAssemblies (1ms)
				RefreshPlugins (1ms)
				BeforeProcessingInitializeOnLoad (90ms)
				ProcessInitializeOnLoadAttributes (268ms)
				ProcessInitializeOnLoadMethodAttributes (49ms)
				AfterProcessingInitializeOnLoad (6ms)
				EditorAssembliesLoaded (0ms)
			ExecutionOrderSort2 (0ms)
			AwakeInstancesAfterBackupRestoration (12ms)
Platform modules already initialized, skipping
Refreshing native plugins compatible for Editor in 2.71 ms, found 4 plugins.
Preloading 0 native plugins for Editor in 0.00 ms.
Unloading 4051 Unused Serialized files (Serialized files now loaded: 0)
Unloading 32 unused Assets / (243.3 KB). Loaded Objects now: 4564.
Memory consumption went from 155.7 MB to 155.5 MB.
Total: 5.681500 ms (FindLiveObjects: 0.397200 ms CreateObjectMapping: 0.209900 ms MarkObjects: 4.857800 ms  DeleteObjects: 0.214500 ms)

AssetImportParameters requested are different than current active one (requested -> active):
  custom:video-decoder-ogg-theora: a1e56fd34408186e4bbccfd4996cb3dc -> 
  custom:container-muxer-webm: aa71ff27fc2769a1b78a27578f13a17b -> 
  custom:container-demuxer-webm: 4f35f7cbe854078d1ac9338744f61a02 -> 
  custom:video-encoder-webm-vp8: eb34c28f22e8b96e1ab97ce403110664 -> 
  custom:audio-encoder-webm-vorbis: bf7c407c2cedff20999df2af8eb42d56 -> 
  custom:framework-win-MediaFoundation: 216162199b28c13a410421893ffa2e32 -> 
  custom:container-demuxer-ogg: 62fdf1f143b41e24485cea50d1cbac27 -> 
  custom:video-decoder-webm-vp8: 9c59270c3fd7afecdb556c50c9e8de78 -> 
  custom:audio-decoder-ogg-vorbis: bf7c407c2cedff20999df2af8eb42d56 -> 
========================================================================
Received Prepare
Registering precompiled user dll's ...
Registered in 0.006531 seconds.
Begin MonoManager ReloadAssembly
Symbol file LoadedFromMemory doesn't match image C:\Users\rmwandire\Untitled Blue Gravity Studios Interview Game\Library\PackageCache\com.unity.visualscripting@1.7.6\Editor\VisualScripting.Core\Dependencies\YamlDotNet\Unity.VisualScripting.YamlDotNet.dll
Symbol file LoadedFromMemory doesn't match image C:\Users\rmwandire\Untitled Blue Gravity Studios Interview Game\Library\PackageCache\com.unity.visualscripting@1.7.6\Editor\VisualScripting.Core\Dependencies\DotNetZip\Unity.VisualScripting.IonicZip.dll
Native extension for WindowsStandalone target not found
Refreshing native plugins compatible for Editor in 1.19 ms, found 4 plugins.
Preloading 0 native plugins for Editor in 0.00 ms.
Mono: successfully reloaded assembly
- Completed reload, in  1.326 seconds
Domain Reload Profiling:
	ReloadAssembly (1327ms)
		BeginReloadAssembly (173ms)
			ExecutionOrderSort (0ms)
			DisableScriptedObjects (8ms)
			BackupInstance (0ms)
			ReleaseScriptingObjects (0ms)
			CreateAndSetChildDomain (58ms)
		EndReloadAssembly (1028ms)
			LoadAssemblies (113ms)
			RebuildTransferFunctionScriptingTraits (0ms)
			SetupTypeCache (330ms)
			ReleaseScriptCaches (2ms)
			RebuildScriptCaches (65ms)
			SetupLoadedEditorAssemblies (459ms)
				LogAssemblyErrors (0ms)
				InitializePlatformSupportModulesInManaged (17ms)
				SetLoadedEditorAssemblies (1ms)
				RefreshPlugins (1ms)
				BeforeProcessingInitializeOnLoad (96ms)
				ProcessInitializeOnLoadAttributes (284ms)
				ProcessInitializeOnLoadMethodAttributes (52ms)
				AfterProcessingInitializeOnLoad (8ms)
				EditorAssembliesLoaded (0ms)
			ExecutionOrderSort2 (0ms)
			AwakeInstancesAfterBackupRestoration (10ms)
Platform modules already initialized, skipping
Refreshing native plugins compatible for Editor in 2.34 ms, found 4 plugins.
Preloading 0 native plugins for Editor in 0.00 ms.
Unloading 4051 Unused Serialized files (Serialized files now loaded: 0)
Unloading 32 unused Assets / (243.2 KB). Loaded Objects now: 4567.
Memory consumption went from 155.7 MB to 155.5 MB.
Total: 4.480600 ms (FindLiveObjects: 0.426700 ms CreateObjectMapping: 0.576900 ms MarkObjects: 3.261400 ms  DeleteObjects: 0.214000 ms)

AssetImportParameters requested are different than current active one (requested -> active):
  custom:video-decoder-ogg-theora: a1e56fd34408186e4bbccfd4996cb3dc -> 
  custom:container-muxer-webm: aa71ff27fc2769a1b78a27578f13a17b -> 
  custom:container-demuxer-webm: 4f35f7cbe854078d1ac9338744f61a02 -> 
  custom:video-encoder-webm-vp8: eb34c28f22e8b96e1ab97ce403110664 -> 
  custom:audio-encoder-webm-vorbis: bf7c407c2cedff20999df2af8eb42d56 -> 
  custom:framework-win-MediaFoundation: 216162199b28c13a410421893ffa2e32 -> 
  custom:container-demuxer-ogg: 62fdf1f143b41e24485cea50d1cbac27 -> 
  custom:video-decoder-webm-vp8: 9c59270c3fd7afecdb556c50c9e8de78 -> 
  custom:audio-decoder-ogg-vorbis: bf7c407c2cedff20999df2af8eb42d56 -> 
========================================================================
Received Import Request.
  Time since last request: 2590.350890 seconds.
  path: Assets/Cainos/Pixel Art Top Down - Basic/Scene/SC Pixel Art Top Down - Basic.unity
  artifactKey: Guid(86e89bd9e4a9c5245a015cf17e3c0aae) Importer(815301076,1909f56bfc062723c751e8b465ee728b)
Start importing Assets/Cainos/Pixel Art Top Down - Basic/Scene/SC Pixel Art Top Down - Basic.unity using Guid(86e89bd9e4a9c5245a015cf17e3c0aae) Importer(815301076,1909f56bfc062723c751e8b465ee728b)  -> (artifact id: '8156574f793d7fe99d88e0c0dd1ad39a') in 0.017172 seconds 
========================================================================
Received Prepare
Registering precompiled user dll's ...
Registered in 0.004955 seconds.
Begin MonoManager ReloadAssembly
Symbol file LoadedFromMemory doesn't match image C:\Users\rmwandire\Untitled Blue Gravity Studios Interview Game\Library\PackageCache\com.unity.visualscripting@1.7.6\Editor\VisualScripting.Core\Dependencies\YamlDotNet\Unity.VisualScripting.YamlDotNet.dll
Symbol file LoadedFromMemory doesn't match image C:\Users\rmwandire\Untitled Blue Gravity Studios Interview Game\Library\PackageCache\com.unity.visualscripting@1.7.6\Editor\VisualScripting.Core\Dependencies\DotNetZip\Unity.VisualScripting.IonicZip.dll
Native extension for WindowsStandalone target not found
Refreshing native plugins compatible for Editor in 1.17 ms, found 4 plugins.
Preloading 0 native plugins for Editor in 0.00 ms.
Mono: successfully reloaded assembly
- Completed reload, in  1.181 seconds
Domain Reload Profiling:
	ReloadAssembly (1182ms)
		BeginReloadAssembly (131ms)
			ExecutionOrderSort (0ms)
			DisableScriptedObjects (8ms)
			BackupInstance (0ms)
			ReleaseScriptingObjects (0ms)
			CreateAndSetChildDomain (42ms)
		EndReloadAssembly (952ms)
			LoadAssemblies (77ms)
			RebuildTransferFunctionScriptingTraits (0ms)
			SetupTypeCache (284ms)
			ReleaseScriptCaches (2ms)
			RebuildScriptCaches (70ms)
			SetupLoadedEditorAssemblies (441ms)
				LogAssemblyErrors (0ms)
				InitializePlatformSupportModulesInManaged (17ms)
				SetLoadedEditorAssemblies (1ms)
				RefreshPlugins (1ms)
				BeforeProcessingInitializeOnLoad (97ms)
				ProcessInitializeOnLoadAttributes (268ms)
				ProcessInitializeOnLoadMethodAttributes (49ms)
				AfterProcessingInitializeOnLoad (8ms)
				EditorAssembliesLoaded (0ms)
			ExecutionOrderSort2 (0ms)
			AwakeInstancesAfterBackupRestoration (9ms)
Platform modules already initialized, skipping
Refreshing native plugins compatible for Editor in 2.16 ms, found 4 plugins.
Preloading 0 native plugins for Editor in 0.00 ms.
Unloading 4051 Unused Serialized files (Serialized files now loaded: 0)
Unloading 32 unused Assets / (244.4 KB). Loaded Objects now: 4570.
Memory consumption went from 155.7 MB to 155.5 MB.
Total: 3.057900 ms (FindLiveObjects: 0.350900 ms CreateObjectMapping: 0.137600 ms MarkObjects: 2.388900 ms  DeleteObjects: 0.179700 ms)

AssetImportParameters requested are different than current active one (requested -> active):
  custom:video-decoder-ogg-theora: a1e56fd34408186e4bbccfd4996cb3dc -> 
  custom:container-muxer-webm: aa71ff27fc2769a1b78a27578f13a17b -> 
  custom:container-demuxer-webm: 4f35f7cbe854078d1ac9338744f61a02 -> 
  custom:video-encoder-webm-vp8: eb34c28f22e8b96e1ab97ce403110664 -> 
  custom:audio-encoder-webm-vorbis: bf7c407c2cedff20999df2af8eb42d56 -> 
  custom:framework-win-MediaFoundation: 216162199b28c13a410421893ffa2e32 -> 
  custom:container-demuxer-ogg: 62fdf1f143b41e24485cea50d1cbac27 -> 
  custom:video-decoder-webm-vp8: 9c59270c3fd7afecdb556c50c9e8de78 -> 
  custom:audio-decoder-ogg-vorbis: bf7c407c2cedff20999df2af8eb42d56 -> 
========================================================================
Received Prepare
Registering precompiled user dll's ...
Registered in 0.005295 seconds.
Begin MonoManager ReloadAssembly
Symbol file LoadedFromMemory doesn't match image C:\Users\rmwandire\Untitled Blue Gravity Studios Interview Game\Library\PackageCache\com.unity.visualscripting@1.7.6\Editor\VisualScripting.Core\Dependencies\YamlDotNet\Unity.VisualScripting.YamlDotNet.dll
Symbol file LoadedFromMemory doesn't match image C:\Users\rmwandire\Untitled Blue Gravity Studios Interview Game\Library\PackageCache\com.unity.visualscripting@1.7.6\Editor\VisualScripting.Core\Dependencies\DotNetZip\Unity.VisualScripting.IonicZip.dll
Native extension for WindowsStandalone target not found
Refreshing native plugins compatible for Editor in 0.75 ms, found 4 plugins.
Preloading 0 native plugins for Editor in 0.00 ms.
Mono: successfully reloaded assembly
- Completed reload, in  1.108 seconds
Domain Reload Profiling:
	ReloadAssembly (1108ms)
		BeginReloadAssembly (124ms)
			ExecutionOrderSort (0ms)
			DisableScriptedObjects (5ms)
			BackupInstance (0ms)
			ReleaseScriptingObjects (0ms)
			CreateAndSetChildDomain (37ms)
		EndReloadAssembly (878ms)
			LoadAssemblies (80ms)
			RebuildTransferFunctionScriptingTraits (0ms)
			SetupTypeCache (255ms)
			ReleaseScriptCaches (2ms)
			RebuildScriptCaches (49ms)
			SetupLoadedEditorAssemblies (421ms)
				LogAssemblyErrors (0ms)
				InitializePlatformSupportModulesInManaged (12ms)
				SetLoadedEditorAssemblies (0ms)
				RefreshPlugins (1ms)
				BeforeProcessingInitializeOnLoad (94ms)
				ProcessInitializeOnLoadAttributes (254ms)
				ProcessInitializeOnLoadMethodAttributes (53ms)
				AfterProcessingInitializeOnLoad (7ms)
				EditorAssembliesLoaded (0ms)
			ExecutionOrderSort2 (0ms)
			AwakeInstancesAfterBackupRestoration (11ms)
Platform modules already initialized, skipping
Refreshing native plugins compatible for Editor in 2.26 ms, found 4 plugins.
Preloading 0 native plugins for Editor in 0.00 ms.
Unloading 4051 Unused Serialized files (Serialized files now loaded: 0)
Unloading 32 unused Assets / (243.2 KB). Loaded Objects now: 4573.
Memory consumption went from 155.7 MB to 155.5 MB.
Total: 4.595400 ms (FindLiveObjects: 0.625600 ms CreateObjectMapping: 0.520900 ms MarkObjects: 3.221600 ms  DeleteObjects: 0.225400 ms)

AssetImportParameters requested are different than current active one (requested -> active):
  custom:video-decoder-ogg-theora: a1e56fd34408186e4bbccfd4996cb3dc -> 
  custom:container-muxer-webm: aa71ff27fc2769a1b78a27578f13a17b -> 
  custom:container-demuxer-webm: 4f35f7cbe854078d1ac9338744f61a02 -> 
  custom:video-encoder-webm-vp8: eb34c28f22e8b96e1ab97ce403110664 -> 
  custom:audio-encoder-webm-vorbis: bf7c407c2cedff20999df2af8eb42d56 -> 
  custom:framework-win-MediaFoundation: 216162199b28c13a410421893ffa2e32 -> 
  custom:container-demuxer-ogg: 62fdf1f143b41e24485cea50d1cbac27 -> 
  custom:video-decoder-webm-vp8: 9c59270c3fd7afecdb556c50c9e8de78 -> 
  custom:audio-decoder-ogg-vorbis: bf7c407c2cedff20999df2af8eb42d56 -> 
========================================================================
Received Prepare
Registering precompiled user dll's ...
Registered in 0.004323 seconds.
Begin MonoManager ReloadAssembly
Symbol file LoadedFromMemory doesn't match image C:\Users\rmwandire\Untitled Blue Gravity Studios Interview Game\Library\PackageCache\com.unity.visualscripting@1.7.6\Editor\VisualScripting.Core\Dependencies\YamlDotNet\Unity.VisualScripting.YamlDotNet.dll
Symbol file LoadedFromMemory doesn't match image C:\Users\rmwandire\Untitled Blue Gravity Studios Interview Game\Library\PackageCache\com.unity.visualscripting@1.7.6\Editor\VisualScripting.Core\Dependencies\DotNetZip\Unity.VisualScripting.IonicZip.dll
Native extension for WindowsStandalone target not found
Refreshing native plugins compatible for Editor in 1.94 ms, found 4 plugins.
Preloading 0 native plugins for Editor in 0.00 ms.
Mono: successfully reloaded assembly
- Completed reload, in  1.021 seconds
Domain Reload Profiling:
	ReloadAssembly (1021ms)
		BeginReloadAssembly (119ms)
			ExecutionOrderSort (0ms)
			DisableScriptedObjects (6ms)
			BackupInstance (0ms)
			ReleaseScriptingObjects (0ms)
			CreateAndSetChildDomain (37ms)
		EndReloadAssembly (806ms)
			LoadAssemblies (70ms)
			RebuildTransferFunctionScriptingTraits (0ms)
			SetupTypeCache (231ms)
			ReleaseScriptCaches (1ms)
			RebuildScriptCaches (43ms)
			SetupLoadedEditorAssemblies (405ms)
				LogAssemblyErrors (0ms)
				InitializePlatformSupportModulesInManaged (16ms)
				SetLoadedEditorAssemblies (1ms)
				RefreshPlugins (2ms)
				BeforeProcessingInitializeOnLoad (93ms)
				ProcessInitializeOnLoadAttributes (243ms)
				ProcessInitializeOnLoadMethodAttributes (45ms)
				AfterProcessingInitializeOnLoad (5ms)
				EditorAssembliesLoaded (0ms)
			ExecutionOrderSort2 (0ms)
			AwakeInstancesAfterBackupRestoration (10ms)
Platform modules already initialized, skipping
Refreshing native plugins compatible for Editor in 2.49 ms, found 4 plugins.
Preloading 0 native plugins for Editor in 0.00 ms.
Unloading 4051 Unused Serialized files (Serialized files now loaded: 0)
Unloading 32 unused Assets / (243.3 KB). Loaded Objects now: 4576.
Memory consumption went from 155.7 MB to 155.5 MB.
Total: 4.096900 ms (FindLiveObjects: 0.652900 ms CreateObjectMapping: 0.177300 ms MarkObjects: 2.985900 ms  DeleteObjects: 0.278400 ms)

AssetImportParameters requested are different than current active one (requested -> active):
  custom:video-decoder-ogg-theora: a1e56fd34408186e4bbccfd4996cb3dc -> 
  custom:container-muxer-webm: aa71ff27fc2769a1b78a27578f13a17b -> 
  custom:container-demuxer-webm: 4f35f7cbe854078d1ac9338744f61a02 -> 
  custom:video-encoder-webm-vp8: eb34c28f22e8b96e1ab97ce403110664 -> 
  custom:audio-encoder-webm-vorbis: bf7c407c2cedff20999df2af8eb42d56 -> 
  custom:framework-win-MediaFoundation: 216162199b28c13a410421893ffa2e32 -> 
  custom:container-demuxer-ogg: 62fdf1f143b41e24485cea50d1cbac27 -> 
  custom:video-decoder-webm-vp8: 9c59270c3fd7afecdb556c50c9e8de78 -> 
  custom:audio-decoder-ogg-vorbis: bf7c407c2cedff20999df2af8eb42d56 -> 
========================================================================
Received Import Request.
  Time since last request: 969.187249 seconds.
  path: Assets/Cainos
  artifactKey: Guid(6c2f518254c8f524d8f2d81b7c465767) Importer(815301076,1909f56bfc062723c751e8b465ee728b)
Start importing Assets/Cainos using Guid(6c2f518254c8f524d8f2d81b7c465767) Importer(815301076,1909f56bfc062723c751e8b465ee728b)  -> (artifact id: '98bdf912f87a2f1328b3d9587c936172') in 0.014371 seconds 
========================================================================
Received Prepare
Registering precompiled user dll's ...
Registered in 0.004988 seconds.
Begin MonoManager ReloadAssembly
Symbol file LoadedFromMemory doesn't match image C:\Users\rmwandire\Untitled Blue Gravity Studios Interview Game\Library\PackageCache\com.unity.visualscripting@1.7.6\Editor\VisualScripting.Core\Dependencies\YamlDotNet\Unity.VisualScripting.YamlDotNet.dll
Symbol file LoadedFromMemory doesn't match image C:\Users\rmwandire\Untitled Blue Gravity Studios Interview Game\Library\PackageCache\com.unity.visualscripting@1.7.6\Editor\VisualScripting.Core\Dependencies\DotNetZip\Unity.VisualScripting.IonicZip.dll
Native extension for WindowsStandalone target not found
Refreshing native plugins compatible for Editor in 0.72 ms, found 4 plugins.
Preloading 0 native plugins for Editor in 0.00 ms.
Mono: successfully reloaded assembly
- Completed reload, in  0.914 seconds
Domain Reload Profiling:
	ReloadAssembly (919ms)
		BeginReloadAssembly (133ms)
			ExecutionOrderSort (0ms)
			DisableScriptedObjects (6ms)
			BackupInstance (0ms)
			ReleaseScriptingObjects (0ms)
			CreateAndSetChildDomain (41ms)
		EndReloadAssembly (708ms)
			LoadAssemblies (80ms)
			RebuildTransferFunctionScriptingTraits (0ms)
			SetupTypeCache (196ms)
			ReleaseScriptCaches (2ms)
			RebuildScriptCaches (36ms)
			SetupLoadedEditorAssemblies (328ms)
				LogAssemblyErrors (0ms)
				InitializePlatformSupportModulesInManaged (10ms)
				SetLoadedEditorAssemblies (0ms)
				RefreshPlugins (1ms)
				BeforeProcessingInitializeOnLoad (63ms)
				ProcessInitializeOnLoadAttributes (197ms)
				ProcessInitializeOnLoadMethodAttributes (39ms)
				AfterProcessingInitializeOnLoad (18ms)
				EditorAssembliesLoaded (0ms)
			ExecutionOrderSort2 (0ms)
			AwakeInstancesAfterBackupRestoration (15ms)
Platform modules already initialized, skipping
Refreshing native plugins compatible for Editor in 2.42 ms, found 4 plugins.
Preloading 0 native plugins for Editor in 0.00 ms.
Unloading 4051 Unused Serialized files (Serialized files now loaded: 0)
Unloading 32 unused Assets / (243.1 KB). Loaded Objects now: 4579.
Memory consumption went from 155.7 MB to 155.5 MB.
Total: 3.014200 ms (FindLiveObjects: 0.284200 ms CreateObjectMapping: 0.130100 ms MarkObjects: 2.370500 ms  DeleteObjects: 0.227800 ms)

AssetImportParameters requested are different than current active one (requested -> active):
  custom:video-decoder-ogg-theora: a1e56fd34408186e4bbccfd4996cb3dc -> 
  custom:container-muxer-webm: aa71ff27fc2769a1b78a27578f13a17b -> 
  custom:container-demuxer-webm: 4f35f7cbe854078d1ac9338744f61a02 -> 
  custom:video-encoder-webm-vp8: eb34c28f22e8b96e1ab97ce403110664 -> 
  custom:audio-encoder-webm-vorbis: bf7c407c2cedff20999df2af8eb42d56 -> 
  custom:framework-win-MediaFoundation: 216162199b28c13a410421893ffa2e32 -> 
  custom:container-demuxer-ogg: 62fdf1f143b41e24485cea50d1cbac27 -> 
  custom:video-decoder-webm-vp8: 9c59270c3fd7afecdb556c50c9e8de78 -> 
  custom:audio-decoder-ogg-vorbis: bf7c407c2cedff20999df2af8eb42d56 -> 
